[ 2015-08-24T00:46:39+08:00 ] 127.0.0.1 /test/secKill/secKill/index.php/Home/Manage/index
INFO: [ app_init ] --START--
INFO: Run Behavior\BuildLiteBehavior [ RunTime:0.000000s ]
INFO: [ app_init ] --END-- [ RunTime:0.005000s ]

[ 2015-08-24T00:47:42+08:00 ] 127.0.0.1 /test/secKill/secKill/index.php/Home/Manage/addGoods
INFO: [ app_init ] --START--
INFO: Run Behavior\BuildLiteBehavior [ RunTime:0.000000s ]
INFO: [ app_init ] --END-- [ RunTime:0.001000s ]

[ 2015-08-24T01:46:07+08:00 ] 127.0.0.1 /test/secKill/secKill/index.php/Home/Manage/addGoods
INFO: [ app_init ] --START--
INFO: Run Behavior\BuildLiteBehavior [ RunTime:0.000000s ]
INFO: [ app_init ] --END-- [ RunTime:0.002000s ]
ERR: SQLSTATE[HY000]: General error

[ 2015-08-24T01:47:46+08:00 ] 127.0.0.1 /test/secKill/secKill/index.php/Home/Manage/addGoods
INFO: [ app_init ] --START--
INFO: Run Behavior\BuildLiteBehavior [ RunTime:0.000000s ]
INFO: [ app_init ] --END-- [ RunTime:0.001000s ]

[ 2015-08-24T01:49:33+08:00 ] 127.0.0.1 /test/secKill/secKill/index.php/Home/Manage/addGoods
INFO: [ app_init ] --START--
INFO: Run Behavior\BuildLiteBehavior [ RunTime:0.000000s ]
INFO: [ app_init ] --END-- [ RunTime:0.003000s ]

[ 2015-08-24T01:49:42+08:00 ] 127.0.0.1 /test/secKill/secKill/index.php/Home/Manage/addGoods
INFO: [ app_init ] --START--
INFO: Run Behavior\BuildLiteBehavior [ RunTime:0.000000s ]
INFO: [ app_init ] --END-- [ RunTime:0.001000s ]
ERR: SQLSTATE[HY000]: General error

[ 2015-08-24T01:50:09+08:00 ] 127.0.0.1 /test/secKill/secKill/index.php/Home/Manage/addGoods
INFO: [ app_init ] --START--
INFO: Run Behavior\BuildLiteBehavior [ RunTime:0.000000s ]
INFO: [ app_init ] --END-- [ RunTime:0.001000s ]

[ 2015-08-24T01:50:22+08:00 ] 127.0.0.1 /test/secKill/secKill/index.php/Home/Manage/addGoods
INFO: [ app_init ] --START--
INFO: Run Behavior\BuildLiteBehavior [ RunTime:0.000000s ]
INFO: [ app_init ] --END-- [ RunTime:0.001000s ]

[ 2015-08-24T01:53:10+08:00 ] 127.0.0.1 /test/secKill/secKill/index.php/Home/Manage/addGoods
INFO: [ app_init ] --START--
INFO: Run Behavior\BuildLiteBehavior [ RunTime:0.000000s ]
INFO: [ app_init ] --END-- [ RunTime:0.001000s ]
ERR: SQLSTATE[42S22]: Column not found: 1054 Unknown column 'skila' in 'field list'

[ 2015-08-24T01:53:22+08:00 ] 127.0.0.1 /test/secKill/secKill/index.php/Home/Manage/addGoods
INFO: [ app_init ] --START--
INFO: Run Behavior\BuildLiteBehavior [ RunTime:0.000000s ]
INFO: [ app_init ] --END-- [ RunTime:0.001000s ]
ERR: SQLSTATE[HY000]: General error

[ 2015-08-24T01:58:51+08:00 ] 127.0.0.1 /test/secKill/secKill/index.php/Home/Manage/addGoods
INFO: [ app_init ] --START--
INFO: Run Behavior\BuildLiteBehavior [ RunTime:0.000000s ]
INFO: [ app_init ] --END-- [ RunTime:0.001000s ]

[ 2015-08-24T01:59:59+08:00 ] 127.0.0.1 /test/secKill/secKill/index.php/Home/Manage/addGoods
INFO: [ app_init ] --START--
INFO: Run Behavior\BuildLiteBehavior [ RunTime:0.001000s ]
INFO: [ app_init ] --END-- [ RunTime:0.002000s ]
ERR: SQLSTATE[HY000]: General error

[ 2015-08-24T02:00:09+08:00 ] 127.0.0.1 /test/secKill/secKill/index.php/Home/Manage/addGoods
INFO: [ app_init ] --START--
INFO: Run Behavior\BuildLiteBehavior [ RunTime:0.000000s ]
INFO: [ app_init ] --END-- [ RunTime:0.001000s ]
ERR: SQLSTATE[HY000]: General error

[ 2015-08-24T02:00:13+08:00 ] 127.0.0.1 /test/secKill/secKill/index.php/Home/Manage/addGoods
INFO: [ app_init ] --START--
INFO: Run Behavior\BuildLiteBehavior [ RunTime:0.000000s ]
INFO: [ app_init ] --END-- [ RunTime:0.001001s ]
ERR: SQLSTATE[HY000]: General error

[ 2015-08-24T02:00:28+08:00 ] 127.0.0.1 /test/secKill/secKill/index.php/Home/Manage/addGoods
INFO: [ app_init ] --START--
INFO: Run Behavior\BuildLiteBehavior [ RunTime:0.000000s ]
INFO: [ app_init ] --END-- [ RunTime:0.003000s ]

[ 2015-08-24T02:03:22+08:00 ] 127.0.0.1 /test/secKill/secKill/index.php/Home/Manage/addGoods
INFO: [ app_init ] --START--
INFO: Run Behavior\BuildLiteBehavior [ RunTime:0.000000s ]
INFO: [ app_init ] --END-- [ RunTime:0.004001s ]

[ 2015-08-24T02:03:37+08:00 ] 127.0.0.1 /test/secKill/secKill/index.php/Home/Manage/addGoods
INFO: [ app_init ] --START--
INFO: Run Behavior\BuildLiteBehavior [ RunTime:0.000000s ]
INFO: [ app_init ] --END-- [ RunTime:0.002000s ]

[ 2015-08-24T02:03:57+08:00 ] 127.0.0.1 /test/secKill/secKill/index.php/Home/Manage/addGoods
INFO: [ app_init ] --START--
INFO: Run Behavior\BuildLiteBehavior [ RunTime:0.000000s ]
INFO: [ app_init ] --END-- [ RunTime:0.009001s ]

[ 2015-08-24T02:10:40+08:00 ] 127.0.0.1 /test/secKill/secKill/index.php/Home/Manage/addGoods
INFO: [ app_init ] --START--
INFO: Run Behavior\BuildLiteBehavior [ RunTime:0.000000s ]
INFO: [ app_init ] --END-- [ RunTime:0.001000s ]
ERR: SQLSTATE[42S02]: Base table or view not found: 1146 Table 'seckill.upload' doesn't exist

[ 2015-08-24T02:22:20+08:00 ] 127.0.0.1 /test/secKill/secKill/index.php/Home/Manage/addGoods
INFO: [ app_init ] --START--
INFO: Run Behavior\BuildLiteBehavior [ RunTime:0.000000s ]
INFO: [ app_init ] --END-- [ RunTime:0.001000s ]

[ 2015-08-24T02:24:50+08:00 ] 127.0.0.1 /test/secKill/secKill/index.php/Home/Manage/addGoods
INFO: [ app_init ] --START--
INFO: Run Behavior\BuildLiteBehavior [ RunTime:0.000000s ]
INFO: [ app_init ] --END-- [ RunTime:0.002000s ]

[ 2015-08-24T02:26:39+08:00 ] 127.0.0.1 /test/secKill/secKill/index.php/Home/Manage/addGoods
INFO: [ app_init ] --START--
INFO: Run Behavior\BuildLiteBehavior [ RunTime:0.000000s ]
INFO: [ app_init ] --END-- [ RunTime:0.001000s ]

[ 2015-08-24T02:27:16+08:00 ] 127.0.0.1 /test/secKill/secKill/index.php/Home/Manage/addGoods
INFO: [ app_init ] --START--
INFO: Run Behavior\BuildLiteBehavior [ RunTime:0.000000s ]
INFO: [ app_init ] --END-- [ RunTime:0.004001s ]

[ 2015-08-24T02:33:04+08:00 ] 127.0.0.1 /test/secKill/secKill/index.php/Home/Manage/addGoods
INFO: [ app_init ] --START--
INFO: Run Behavior\BuildLiteBehavior [ RunTime:0.000000s ]
INFO: [ app_init ] --END-- [ RunTime:0.001000s ]

[ 2015-08-24T02:33:30+08:00 ] 127.0.0.1 /test/secKill/secKill/index.php/Home/Manage/addGoods
INFO: [ app_init ] --START--
INFO: Run Behavior\BuildLiteBehavior [ RunTime:0.000000s ]
INFO: [ app_init ] --END-- [ RunTime:0.001000s ]

[ 2015-08-24T02:41:59+08:00 ] 127.0.0.1 /test/secKill/secKill/index.php/Home/Manage/addGoods
INFO: [ app_init ] --START--
INFO: Run Behavior\BuildLiteBehavior [ RunTime:0.000000s ]
INFO: [ app_init ] --END-- [ RunTime:0.001000s ]

[ 2015-08-24T02:44:08+08:00 ] 127.0.0.1 /test/secKill/secKill/index.php/Home/Manage/addGoods
INFO: [ app_init ] --START--
INFO: Run Behavior\BuildLiteBehavior [ RunTime:0.000000s ]
INFO: [ app_init ] --END-- [ RunTime:0.001000s ]

[ 2015-08-24T02:44:29+08:00 ] 127.0.0.1 /test/secKill/secKill/index.php/Home/Manage/addGoods
INFO: [ app_init ] --START--
INFO: Run Behavior\BuildLiteBehavior [ RunTime:0.000000s ]
INFO: [ app_init ] --END-- [ RunTime:0.002000s ]

[ 2015-08-24T02:44:37+08:00 ] 127.0.0.1 /test/secKill/secKill/index.php/Home/Manage/addGoods
INFO: [ app_init ] --START--
INFO: Run Behavior\BuildLiteBehavior [ RunTime:0.000000s ]
INFO: [ app_init ] --END-- [ RunTime:0.001000s ]

[ 2015-08-24T02:45:07+08:00 ] 127.0.0.1 /test/secKill/secKill/index.php/Home/Manage/addGoods
INFO: [ app_init ] --START--
INFO: Run Behavior\BuildLiteBehavior [ RunTime:0.000000s ]
INFO: [ app_init ] --END-- [ RunTime:0.002000s ]

[ 2015-08-24T02:45:16+08:00 ] 127.0.0.1 /test/secKill/secKill/index.php/Home/Manage/addGoods
INFO: [ app_init ] --START--
INFO: Run Behavior\BuildLiteBehavior [ RunTime:0.000000s ]
INFO: [ app_init ] --END-- [ RunTime:0.001000s ]

[ 2015-08-24T02:45:22+08:00 ] 127.0.0.1 /test/secKill/secKill/index.php/Home/Manage/addGoods
INFO: [ app_init ] --START--
INFO: Run Behavior\BuildLiteBehavior [ RunTime:0.000000s ]
INFO: [ app_init ] --END-- [ RunTime:0.001000s ]

[ 2015-08-24T02:45:28+08:00 ] 127.0.0.1 /test/secKill/secKill/index.php/Home/Manage/addGoods
INFO: [ app_init ] --START--
INFO: Run Behavior\BuildLiteBehavior [ RunTime:0.000000s ]
INFO: [ app_init ] --END-- [ RunTime:0.001000s ]

[ 2015-08-24T02:46:31+08:00 ] 127.0.0.1 /test/secKill/secKill/index.php/Home/Manage/index
INFO: [ app_init ] --START--
INFO: Run Behavior\BuildLiteBehavior [ RunTime:0.000000s ]
INFO: [ app_init ] --END-- [ RunTime:0.001001s ]

[ 2015-08-24T02:46:44+08:00 ] 127.0.0.1 /test/secKill/secKill/index.php/Home/Manage/addGoods
INFO: [ app_init ] --START--
INFO: Run Behavior\BuildLiteBehavior [ RunTime:0.000000s ]
INFO: [ app_init ] --END-- [ RunTime:0.001000s ]

[ 2015-08-24T02:46:57+08:00 ] 127.0.0.1 /test/secKill/secKill/index.php/Home/Manage/addGoods
INFO: [ app_init ] --START--
INFO: Run Behavior\BuildLiteBehavior [ RunTime:0.000000s ]
INFO: [ app_init ] --END-- [ RunTime:0.001000s ]

[ 2015-08-24T02:47:47+08:00 ] 127.0.0.1 /test/secKill/secKill/index.php/Home/Manage/addGoods
INFO: [ app_init ] --START--
INFO: Run Behavior\BuildLiteBehavior [ RunTime:0.001000s ]
INFO: [ app_init ] --END-- [ RunTime:0.010000s ]

[ 2015-08-24T02:48:23+08:00 ] 127.0.0.1 /test/secKill/secKill/index.php/Home/Manage/addGoods
INFO: [ app_init ] --START--
INFO: Run Behavior\BuildLiteBehavior [ RunTime:0.000000s ]
INFO: [ app_init ] --END-- [ RunTime:0.001000s ]

[ 2015-08-24T02:48:45+08:00 ] 127.0.0.1 /test/secKill/secKill/index.php/Home/Manage/addGoods
INFO: [ app_init ] --START--
INFO: Run Behavior\BuildLiteBehavior [ RunTime:0.000000s ]
INFO: [ app_init ] --END-- [ RunTime:0.001000s ]

[ 2015-08-24T02:48:50+08:00 ] 127.0.0.1 /test/secKill/secKill/index.php/Home/Manage/addGoods
INFO: [ app_init ] --START--
INFO: Run Behavior\BuildLiteBehavior [ RunTime:0.000000s ]
INFO: [ app_init ] --END-- [ RunTime:0.005000s ]

[ 2015-08-24T02:49:05+08:00 ] 127.0.0.1 /test/secKill/secKill/index.php/Home/Manage/addGoods
INFO: [ app_init ] --START--
INFO: Run Behavior\BuildLiteBehavior [ RunTime:0.000000s ]
INFO: [ app_init ] --END-- [ RunTime:0.002001s ]

[ 2015-08-24T03:01:46+08:00 ] 127.0.0.1 /test/secKill/secKill/index.php/Home/Manage/addGoods
INFO: [ app_init ] --START--
INFO: Run Behavior\BuildLiteBehavior [ RunTime:0.000000s ]
INFO: [ app_init ] --END-- [ RunTime:0.001000s ]

[ 2015-08-24T03:01:47+08:00 ] 127.0.0.1 /test/secKill/secKill/index.php/Home/Manage/index
INFO: [ app_init ] --START--
INFO: Run Behavior\BuildLiteBehavior [ RunTime:0.000000s ]
INFO: [ app_init ] --END-- [ RunTime:0.002000s ]

[ 2015-08-24T03:04:35+08:00 ] 127.0.0.1 /test/secKill/secKill/index.php/Home/Manage/addGoods
INFO: [ app_init ] --START--
INFO: Run Behavior\BuildLiteBehavior [ RunTime:0.000000s ]
INFO: [ app_init ] --END-- [ RunTime:0.001001s ]

[ 2015-08-24T03:04:45+08:00 ] 127.0.0.1 /test/secKill/secKill/index.php/Home/Manage/addGoods
INFO: [ app_init ] --START--
INFO: Run Behavior\BuildLiteBehavior [ RunTime:0.000000s ]
INFO: [ app_init ] --END-- [ RunTime:0.001000s ]

[ 2015-08-24T03:07:28+08:00 ] 127.0.0.1 /test/secKill/secKill/index.php/Home/Manage/addGoods
INFO: [ app_init ] --START--
INFO: Run Behavior\BuildLiteBehavior [ RunTime:0.000000s ]
INFO: [ app_init ] --END-- [ RunTime:0.009000s ]

[ 2015-08-24T03:07:29+08:00 ] 127.0.0.1 /test/secKill/secKill/index.php/Home/Manage/index
INFO: [ app_init ] --START--
INFO: Run Behavior\BuildLiteBehavior [ RunTime:0.000000s ]
INFO: [ app_init ] --END-- [ RunTime:0.001000s ]

[ 2015-08-24T03:09:16+08:00 ] 127.0.0.1 /test/secKill/secKill/index.php/Home/Manage/addGoods
INFO: [ app_init ] --START--
INFO: Run Behavior\BuildLiteBehavior [ RunTime:0.000000s ]
INFO: [ app_init ] --END-- [ RunTime:0.003000s ]

[ 2015-08-24T03:13:23+08:00 ] 127.0.0.1 /test/secKill/secKill/index.php/Home/Manage/addGoods
INFO: [ app_init ] --START--
INFO: Run Behavior\BuildLiteBehavior [ RunTime:0.001000s ]
INFO: [ app_init ] --END-- [ RunTime:0.026002s ]

[ 2015-08-24T03:13:25+08:00 ] 127.0.0.1 /test/secKill/secKill/index.php/Home/Manage/index
INFO: [ app_init ] --START--
INFO: Run Behavior\BuildLiteBehavior [ RunTime:0.000000s ]
INFO: [ app_init ] --END-- [ RunTime:0.003001s ]

[ 2015-08-24T03:13:56+08:00 ] 127.0.0.1 /test/secKill/secKill/index.php/Home/Manage/addGoods
INFO: [ app_init ] --START--
INFO: Run Behavior\BuildLiteBehavior [ RunTime:0.000000s ]
INFO: [ app_init ] --END-- [ RunTime:0.002000s ]

[ 2015-08-24T03:13:57+08:00 ] 127.0.0.1 /test/secKill/secKill/index.php/Home/Manage/index
INFO: [ app_init ] --START--
INFO: Run Behavior\BuildLiteBehavior [ RunTime:0.000000s ]
INFO: [ app_init ] --END-- [ RunTime:0.003000s ]

[ 2015-08-24T03:15:21+08:00 ] 127.0.0.1 /test/secKill/secKill/index.php/Home/Manage/addGoods
INFO: [ app_init ] --START--
INFO: Run Behavior\BuildLiteBehavior [ RunTime:0.000000s ]
INFO: [ app_init ] --END-- [ RunTime:0.001000s ]

[ 2015-08-24T03:15:22+08:00 ] 127.0.0.1 /test/secKill/secKill/index.php/Home/Manage/index
INFO: [ app_init ] --START--
INFO: Run Behavior\BuildLiteBehavior [ RunTime:0.000000s ]
INFO: [ app_init ] --END-- [ RunTime:0.002000s ]

[ 2015-08-24T03:16:31+08:00 ] 127.0.0.1 /test/secKill/secKill/index.php/Home/Manage/addGoods
INFO: [ app_init ] --START--
INFO: Run Behavior\BuildLiteBehavior [ RunTime:0.000000s ]
INFO: [ app_init ] --END-- [ RunTime:0.001001s ]

[ 2015-08-24T03:16:55+08:00 ] 127.0.0.1 /test/secKill/secKill/index.php/Home/Manage/addGoods
INFO: [ app_init ] --START--
INFO: Run Behavior\BuildLiteBehavior [ RunTime:0.000000s ]
INFO: [ app_init ] --END-- [ RunTime:0.001000s ]

[ 2015-08-24T03:18:05+08:00 ] 127.0.0.1 /test/secKill/secKill/index.php/Home/Manage/addGoods
INFO: [ app_init ] --START--
INFO: Run Behavior\BuildLiteBehavior [ RunTime:0.000000s ]
INFO: [ app_init ] --END-- [ RunTime:0.001000s ]

[ 2015-08-24T03:18:06+08:00 ] 127.0.0.1 /test/secKill/secKill/index.php/Home/Manage/index
INFO: [ app_init ] --START--
INFO: Run Behavior\BuildLiteBehavior [ RunTime:0.000000s ]
INFO: [ app_init ] --END-- [ RunTime:0.002000s ]

[ 2015-08-24T03:36:04+08:00 ] 127.0.0.1 /test/secKill/secKill/index.php/Home/Manage/addGoods
INFO: [ app_init ] --START--
INFO: Run Behavior\BuildLiteBehavior [ RunTime:0.000000s ]
INFO: [ app_init ] --END-- [ RunTime:0.001000s ]

[ 2015-08-24T03:36:06+08:00 ] 127.0.0.1 /test/secKill/secKill/index.php/Home/Manage/index
INFO: [ app_init ] --START--
INFO: Run Behavior\BuildLiteBehavior [ RunTime:0.000000s ]
INFO: [ app_init ] --END-- [ RunTime:0.001000s ]

[ 2015-08-24T03:38:40+08:00 ] 127.0.0.1 /test/secKill/secKill/index.php/Home/Manage/addGoods
INFO: [ app_init ] --START--
INFO: Run Behavior\BuildLiteBehavior [ RunTime:0.000000s ]
INFO: [ app_init ] --END-- [ RunTime:0.001000s ]

[ 2015-08-24T03:38:42+08:00 ] 127.0.0.1 /test/secKill/secKill/index.php/Home/Manage/index
INFO: [ app_init ] --START--
INFO: Run Behavior\BuildLiteBehavior [ RunTime:0.000000s ]
INFO: [ app_init ] --END-- [ RunTime:0.006000s ]

[ 2015-08-24T03:39:53+08:00 ] 127.0.0.1 /test/secKill/secKill/index.php/Home/Manage/addGoods
INFO: [ app_init ] --START--
INFO: Run Behavior\BuildLiteBehavior [ RunTime:0.000000s ]
INFO: [ app_init ] --END-- [ RunTime:0.003000s ]

[ 2015-08-24T03:40:23+08:00 ] 127.0.0.1 /test/secKill/secKill/index.php/Home/Manage/addGoods
INFO: [ app_init ] --START--
INFO: Run Behavior\BuildLiteBehavior [ RunTime:0.000000s ]
INFO: [ app_init ] --END-- [ RunTime:0.006000s ]

[ 2015-08-24T03:46:19+08:00 ] 127.0.0.1 /test/secKill/secKill/index.php/Home/Manage/addGoods
INFO: [ app_init ] --START--
INFO: Run Behavior\BuildLiteBehavior [ RunTime:0.000000s ]
INFO: [ app_init ] --END-- [ RunTime:0.001001s ]

[ 2015-08-24T03:47:36+08:00 ] 127.0.0.1 /test/secKill/secKill/index.php/Home/Manage/addGoods
INFO: [ app_init ] --START--
INFO: Run Behavior\BuildLiteBehavior [ RunTime:0.000000s ]
INFO: [ app_init ] --END-- [ RunTime:0.002000s ]

[ 2015-08-24T03:49:02+08:00 ] 127.0.0.1 /test/secKill/secKill/index.php/Home/Manage/addGoods
INFO: [ app_init ] --START--
INFO: Run Behavior\BuildLiteBehavior [ RunTime:0.000000s ]
INFO: [ app_init ] --END-- [ RunTime:0.001000s ]

[ 2015-08-24T03:49:44+08:00 ] 127.0.0.1 /test/secKill/secKill/index.php/Home/Manage/addGoods
INFO: [ app_init ] --START--
INFO: Run Behavior\BuildLiteBehavior [ RunTime:0.000000s ]
INFO: [ app_init ] --END-- [ RunTime:0.001000s ]

[ 2015-08-24T03:50:07+08:00 ] 127.0.0.1 /test/secKill/secKill/index.php/Home/Manage/addGoods
INFO: [ app_init ] --START--
INFO: Run Behavior\BuildLiteBehavior [ RunTime:0.000000s ]
INFO: [ app_init ] --END-- [ RunTime:0.003000s ]

[ 2015-08-24T03:50:21+08:00 ] 127.0.0.1 /test/secKill/secKill/index.php/Home/Manage/addGoods
INFO: [ app_init ] --START--
INFO: Run Behavior\BuildLiteBehavior [ RunTime:0.003000s ]
INFO: [ app_init ] --END-- [ RunTime:0.005000s ]

[ 2015-08-24T03:55:04+08:00 ] 127.0.0.1 /test/secKill/secKill/index.php/Home/Manage/addGoods
INFO: [ app_init ] --START--
INFO: Run Behavior\BuildLiteBehavior [ RunTime:0.000000s ]
INFO: [ app_init ] --END-- [ RunTime:0.001000s ]

[ 2015-08-24T03:57:11+08:00 ] 127.0.0.1 /test/secKill/secKill/index.php/Home/Manage/addGoods
INFO: [ app_init ] --START--
INFO: Run Behavior\BuildLiteBehavior [ RunTime:0.000000s ]
INFO: [ app_init ] --END-- [ RunTime:0.001000s ]

[ 2015-08-24T03:58:02+08:00 ] 127.0.0.1 /test/secKill/secKill/index.php/Home/Manage/addGoods
INFO: [ app_init ] --START--
INFO: Run Behavior\BuildLiteBehavior [ RunTime:0.000000s ]
INFO: [ app_init ] --END-- [ RunTime:0.006000s ]

[ 2015-08-24T04:01:49+08:00 ] 127.0.0.1 /test/secKill/secKill/index.php/Home/Manage/addGoods
INFO: [ app_init ] --START--
INFO: Run Behavior\BuildLiteBehavior [ RunTime:0.000000s ]
INFO: [ app_init ] --END-- [ RunTime:0.008000s ]

[ 2015-08-24T04:02:19+08:00 ] 127.0.0.1 /test/secKill/secKill/index.php/Home/Manage/addGoods
INFO: [ app_init ] --START--
INFO: Run Behavior\BuildLiteBehavior [ RunTime:0.000000s ]
INFO: [ app_init ] --END-- [ RunTime:0.006000s ]

[ 2015-08-24T04:02:52+08:00 ] 127.0.0.1 /test/secKill/secKill/index.php/Home/Manage/addGoods
INFO: [ app_init ] --START--
INFO: Run Behavior\BuildLiteBehavior [ RunTime:0.000000s ]
INFO: [ app_init ] --END-- [ RunTime:0.001000s ]

[ 2015-08-24T04:02:55+08:00 ] 127.0.0.1 /test/secKill/secKill/index.php/Home/Manage/addGoods
INFO: [ app_init ] --START--
INFO: Run Behavior\BuildLiteBehavior [ RunTime:0.000000s ]
INFO: [ app_init ] --END-- [ RunTime:0.002001s ]

[ 2015-08-24T04:03:02+08:00 ] 127.0.0.1 /test/secKill/secKill/index.php/Home/Manage/addGoods
INFO: [ app_init ] --START--
INFO: Run Behavior\BuildLiteBehavior [ RunTime:0.000000s ]
INFO: [ app_init ] --END-- [ RunTime:0.002000s ]

[ 2015-08-24T04:06:01+08:00 ] 127.0.0.1 /test/secKill/secKill/index.php/Home/Manage/addGoods
INFO: [ app_init ] --START--
INFO: Run Behavior\BuildLiteBehavior [ RunTime:0.000000s ]
INFO: [ app_init ] --END-- [ RunTime:0.001000s ]

[ 2015-08-24T04:06:01+08:00 ] 127.0.0.1 /test/secKill/secKill/index.php/Home/Manage/index
INFO: [ app_init ] --START--
INFO: Run Behavior\BuildLiteBehavior [ RunTime:0.000000s ]
INFO: [ app_init ] --END-- [ RunTime:0.001000s ]

[ 2015-08-24T04:06:21+08:00 ] 127.0.0.1 /test/secKill/secKill/index.php/Home/Manage/addGoods
INFO: [ app_init ] --START--
INFO: Run Behavior\BuildLiteBehavior [ RunTime:0.000000s ]
INFO: [ app_init ] --END-- [ RunTime:0.001000s ]

[ 2015-08-24T04:06:21+08:00 ] 127.0.0.1 /test/secKill/secKill/index.php/Home/Manage/index
INFO: [ app_init ] --START--
INFO: Run Behavior\BuildLiteBehavior [ RunTime:0.000000s ]
INFO: [ app_init ] --END-- [ RunTime:0.002000s ]

[ 2015-08-24T04:07:26+08:00 ] 127.0.0.1 /test/secKill/secKill/index.php/Home/Manage/addGoods
INFO: [ app_init ] --START--
INFO: Run Behavior\BuildLiteBehavior [ RunTime:0.000000s ]
INFO: [ app_init ] --END-- [ RunTime:0.004000s ]

[ 2015-08-24T04:12:05+08:00 ] 127.0.0.1 /test/secKill/secKill/index.php/Home/Manage/index
INFO: [ app_init ] --START--
INFO: Run Behavior\BuildLiteBehavior [ RunTime:0.000000s ]
INFO: [ app_init ] --END-- [ RunTime:0.009000s ]

[ 2015-08-24T04:12:27+08:00 ] 127.0.0.1 /test/secKill/secKill/index.php/Home/Manage/addGoods
INFO: [ app_init ] --START--
INFO: Run Behavior\BuildLiteBehavior [ RunTime:0.000000s ]
INFO: [ app_init ] --END-- [ RunTime:0.001000s ]

[ 2015-08-24T04:12:28+08:00 ] 127.0.0.1 /test/secKill/secKill/index.php/Home/Manage/index
INFO: [ app_init ] --START--
INFO: Run Behavior\BuildLiteBehavior [ RunTime:0.000000s ]
INFO: [ app_init ] --END-- [ RunTime:0.001000s ]

[ 2015-08-24T04:22:45+08:00 ] 127.0.0.1 /test/secKill/secKill/index.php/Home/Manage/outlogin
INFO: [ app_init ] --START--
INFO: Run Behavior\BuildLiteBehavior [ RunTime:0.000000s ]
INFO: [ app_init ] --END-- [ RunTime:0.001000s ]

[ 2015-08-24T04:22:46+08:00 ] 127.0.0.1 /test/secKill/secKill/index.php/Home/Manage/index
INFO: [ app_init ] --START--
INFO: Run Behavior\BuildLiteBehavior [ RunTime:0.000000s ]
INFO: [ app_init ] --END-- [ RunTime:0.002000s ]

[ 2015-08-24T04:23:22+08:00 ] 127.0.0.1 /test/secKill/secKill/index.php/Home/Manage/doLogin
INFO: [ app_init ] --START--
INFO: Run Behavior\BuildLiteBehavior [ RunTime:0.000000s ]
INFO: [ app_init ] --END-- [ RunTime:0.001000s ]

[ 2015-08-24T04:23:23+08:00 ] 127.0.0.1 /test/secKill/secKill/index.php/Home/Manage/index
INFO: [ app_init ] --START--
INFO: Run Behavior\BuildLiteBehavior [ RunTime:0.000000s ]
INFO: [ app_init ] --END-- [ RunTime:0.000000s ]

[ 2015-08-24T04:23:29+08:00 ] 127.0.0.1 /test/secKill/secKill/index.php/Home/Manage/outlogin
INFO: [ app_init ] --START--
INFO: Run Behavior\BuildLiteBehavior [ RunTime:0.000000s ]
INFO: [ app_init ] --END-- [ RunTime:0.001000s ]

[ 2015-08-24T04:23:29+08:00 ] 127.0.0.1 /test/secKill/secKill/index.php/Home/Manage/index
INFO: [ app_init ] --START--
INFO: Run Behavior\BuildLiteBehavior [ RunTime:0.000000s ]
INFO: [ app_init ] --END-- [ RunTime:0.002000s ]

[ 2015-08-24T04:23:30+08:00 ] 127.0.0.1 /test/secKill/secKill/index.php/Home/manage/register
INFO: [ app_init ] --START--
INFO: Run Behavior\BuildLiteBehavior [ RunTime:0.000000s ]
INFO: [ app_init ] --END-- [ RunTime:0.000000s ]

[ 2015-08-24T04:23:35+08:00 ] 127.0.0.1 /test/secKill/secKill/index.php/Home/manage/doRegister
INFO: [ app_init ] --START--
INFO: Run Behavior\BuildLiteBehavior [ RunTime:0.000000s ]
INFO: [ app_init ] --END-- [ RunTime:0.000000s ]

[ 2015-08-24T04:24:19+08:00 ] 127.0.0.1 /test/secKill/secKill/index.php/Home/manage/doRegister
INFO: [ app_init ] --START--
INFO: Run Behavior\BuildLiteBehavior [ RunTime:0.002001s ]
INFO: [ app_init ] --END-- [ RunTime:0.011001s ]

[ 2015-08-24T04:24:20+08:00 ] 127.0.0.1 /test/secKill/secKill/index.php/Home/Manage/index
INFO: [ app_init ] --START--
INFO: Run Behavior\BuildLiteBehavior [ RunTime:0.000000s ]
INFO: [ app_init ] --END-- [ RunTime:0.000000s ]

[ 2015-08-24T04:27:07+08:00 ] 127.0.0.1 /test/secKill/secKill/index.php/Home/Manage/index
INFO: [ app_init ] --START--
INFO: Run Behavior\BuildLiteBehavior [ RunTime:0.000000s ]
INFO: [ app_init ] --END-- [ RunTime:0.001000s ]

[ 2015-08-24T04:27:37+08:00 ] 127.0.0.1 /test/secKill/secKill/index.php/Home/Manage/index
INFO: [ app_init ] --START--
INFO: Run Behavior\BuildLiteBehavior [ RunTime:0.001000s ]
INFO: [ app_init ] --END-- [ RunTime:0.001000s ]

[ 2015-08-24T04:27:47+08:00 ] 127.0.0.1 /test/secKill/secKill/index.php/Home/Manage/index
INFO: [ app_init ] --START--
INFO: Run Behavior\BuildLiteBehavior [ RunTime:0.000000s ]
INFO: [ app_init ] --END-- [ RunTime:0.002000s ]

[ 2015-08-24T04:33:34+08:00 ] 127.0.0.1 /test/secKill/secKill/index.php/Home/Manage/index
INFO: [ app_init ] --START--
INFO: Run Behavior\BuildLiteBehavior [ RunTime:0.000000s ]
INFO: [ app_init ] --END-- [ RunTime:0.003000s ]

[ 2015-08-24T04:34:56+08:00 ] 127.0.0.1 /test/secKill/secKill/index.php/Home/Manage/index
INFO: [ app_init ] --START--
INFO: Run Behavior\BuildLiteBehavior [ RunTime:0.001000s ]
INFO: [ app_init ] --END-- [ RunTime:0.002000s ]

[ 2015-08-24T04:34:56+08:00 ] 127.0.0.1 /test/secKill/secKill/index.php/Home/Manage/Uploads/2015-08-24/60.jpg
INFO: [ app_init ] --START--
INFO: Run Behavior\BuildLiteBehavior [ RunTime:0.000000s ]
INFO: [ app_init ] --END-- [ RunTime:0.001000s ]

[ 2015-08-24T04:34:57+08:00 ] 127.0.0.1 /test/secKill/secKill/index.php/Home/Manage/Uploads/2015-08-24/61.jpg
INFO: [ app_init ] --START--
INFO: Run Behavior\BuildLiteBehavior [ RunTime:0.000000s ]
INFO: [ app_init ] --END-- [ RunTime:0.001000s ]

[ 2015-08-24T04:34:57+08:00 ] 127.0.0.1 /test/secKill/secKill/index.php/Home/Manage/Uploads/2015-08-24/62.jpg
INFO: [ app_init ] --START--
INFO: Run Behavior\BuildLiteBehavior [ RunTime:0.000000s ]
INFO: [ app_init ] --END-- [ RunTime:0.001000s ]

[ 2015-08-24T04:34:57+08:00 ] 127.0.0.1 /test/secKill/secKill/index.php/Home/Manage/Uploads/2015-08-24/.jpg
INFO: [ app_init ] --START--
INFO: Run Behavior\BuildLiteBehavior [ RunTime:0.000000s ]
INFO: [ app_init ] --END-- [ RunTime:0.001000s ]

[ 2015-08-24T04:36:48+08:00 ] 127.0.0.1 /test/secKill/secKill/index.php/Home/Manage/index
INFO: [ app_init ] --START--
INFO: Run Behavior\BuildLiteBehavior [ RunTime:0.000000s ]
INFO: [ app_init ] --END-- [ RunTime:0.011001s ]

[ 2015-08-24T04:36:49+08:00 ] 127.0.0.1 /test/secKill/secKill/index.php/Home/Manage/Uploads/2015-08-24/51.jpg
INFO: [ app_init ] --START--
INFO: Run Behavior\BuildLiteBehavior [ RunTime:0.000000s ]
INFO: [ app_init ] --END-- [ RunTime:0.002000s ]

[ 2015-08-24T04:37:08+08:00 ] 127.0.0.1 /test/secKill/secKill/index.php/Home/Manage/index
INFO: [ app_init ] --START--
INFO: Run Behavior\BuildLiteBehavior [ RunTime:0.000000s ]
INFO: [ app_init ] --END-- [ RunTime:0.001000s ]

[ 2015-08-24T04:37:23+08:00 ] 127.0.0.1 /test/secKill/secKill/index.php/Home/Manage/index
INFO: [ app_init ] --START--
INFO: Run Behavior\BuildLiteBehavior [ RunTime:0.000000s ]
INFO: [ app_init ] --END-- [ RunTime:0.001000s ]

[ 2015-08-24T04:37:57+08:00 ] 127.0.0.1 /test/secKill/secKill/index.php/Home/Manage/index
INFO: [ app_init ] --START--
INFO: Run Behavior\BuildLiteBehavior [ RunTime:0.000000s ]
INFO: [ app_init ] --END-- [ RunTime:0.005000s ]

[ 2015-08-24T04:38:12+08:00 ] 127.0.0.1 /test/secKill/secKill/index.php/Home/Manage/index
INFO: [ app_init ] --START--
INFO: Run Behavior\BuildLiteBehavior [ RunTime:0.000000s ]
INFO: [ app_init ] --END-- [ RunTime:0.001000s ]

[ 2015-08-24T04:38:46+08:00 ] 127.0.0.1 /test/secKill/secKill/index.php/Home/Manage/index
INFO: [ app_init ] --START--
INFO: Run Behavior\BuildLiteBehavior [ RunTime:0.001000s ]
INFO: [ app_init ] --END-- [ RunTime:0.003000s ]

[ 2015-08-24T04:41:48+08:00 ] 127.0.0.1 /test/secKill/secKill/index.php/Home/Manage/index
INFO: [ app_init ] --START--
INFO: Run Behavior\BuildLiteBehavior [ RunTime:0.000000s ]
INFO: [ app_init ] --END-- [ RunTime:0.008001s ]

[ 2015-08-24T04:43:41+08:00 ] 127.0.0.1 /test/secKill/secKill/index.php/Home/Manage/index
INFO: [ app_init ] --START--
INFO: Run Behavior\BuildLiteBehavior [ RunTime:0.000000s ]
INFO: [ app_init ] --END-- [ RunTime:0.001000s ]

[ 2015-08-24T04:44:12+08:00 ] 127.0.0.1 /test/secKill/secKill/index.php/Home/Manage/index
INFO: [ app_init ] --START--
INFO: Run Behavior\BuildLiteBehavior [ RunTime:0.000000s ]
INFO: [ app_init ] --END-- [ RunTime:0.001000s ]

[ 2015-08-24T04:44:36+08:00 ] 127.0.0.1 /test/secKill/secKill/index.php/Home/Manage/index
INFO: [ app_init ] --START--
INFO: Run Behavior\BuildLiteBehavior [ RunTime:0.000000s ]
INFO: [ app_init ] --END-- [ RunTime:0.001000s ]

[ 2015-08-24T04:45:30+08:00 ] 127.0.0.1 /test/secKill/secKill/index.php/Home/Manage/addGoods
INFO: [ app_init ] --START--
INFO: Run Behavior\BuildLiteBehavior [ RunTime:0.000000s ]
INFO: [ app_init ] --END-- [ RunTime:0.001000s ]

[ 2015-08-24T04:45:32+08:00 ] 127.0.0.1 /test/secKill/secKill/index.php/Home/Manage/index
INFO: [ app_init ] --START--
INFO: Run Behavior\BuildLiteBehavior [ RunTime:0.000000s ]
INFO: [ app_init ] --END-- [ RunTime:0.001000s ]

[ 2015-08-24T04:51:03+08:00 ] 127.0.0.1 /test/secKill/secKill/index.php/Home/Manage/index
INFO: [ app_init ] --START--
INFO: Run Behavior\BuildLiteBehavior [ RunTime:0.000000s ]
INFO: [ app_init ] --END-- [ RunTime:0.004000s ]

[ 2015-08-24T05:02:20+08:00 ] 127.0.0.1 /test/secKill/secKill/index.php/Home/Manage/index
INFO: [ app_init ] --START--
INFO: Run Behavior\BuildLiteBehavior [ RunTime:0.000000s ]
INFO: [ app_init ] --END-- [ RunTime:0.002000s ]

[ 2015-08-24T05:03:47+08:00 ] 127.0.0.1 /test/secKill/secKill/index.php/Home/Manage/index
INFO: [ app_init ] --START--
INFO: Run Behavior\BuildLiteBehavior [ RunTime:0.000000s ]
INFO: [ app_init ] --END-- [ RunTime:0.001000s ]

[ 2015-08-24T05:04:11+08:00 ] 127.0.0.1 /test/secKill/secKill/index.php/Home/Manage/index
INFO: [ app_init ] --START--
INFO: Run Behavior\BuildLiteBehavior [ RunTime:0.000000s ]
INFO: [ app_init ] --END-- [ RunTime:0.001000s ]

[ 2015-08-24T05:04:24+08:00 ] 127.0.0.1 /test/secKill/secKill/index.php/Home/Manage/index
INFO: [ app_init ] --START--
INFO: Run Behavior\BuildLiteBehavior [ RunTime:0.000000s ]
INFO: [ app_init ] --END-- [ RunTime:0.004000s ]

[ 2015-08-24T05:04:45+08:00 ] 127.0.0.1 /test/secKill/secKill/index.php/Home/Manage/index
INFO: [ app_init ] --START--
INFO: Run Behavior\BuildLiteBehavior [ RunTime:0.000000s ]
INFO: [ app_init ] --END-- [ RunTime:0.002000s ]

[ 2015-08-24T05:05:15+08:00 ] 127.0.0.1 /test/secKill/secKill/index.php/Home/Manage/index
INFO: [ app_init ] --START--
INFO: Run Behavior\BuildLiteBehavior [ RunTime:0.000000s ]
INFO: [ app_init ] --END-- [ RunTime:0.001000s ]

[ 2015-08-24T05:06:22+08:00 ] 127.0.0.1 /test/secKill/secKill/index.php/Home/Manage/index
INFO: [ app_init ] --START--
INFO: Run Behavior\BuildLiteBehavior [ RunTime:0.000000s ]
INFO: [ app_init ] --END-- [ RunTime:0.003000s ]

[ 2015-08-24T05:07:08+08:00 ] 127.0.0.1 /test/secKill/secKill/index.php/Home/Manage/addGoods
INFO: [ app_init ] --START--
INFO: Run Behavior\BuildLiteBehavior [ RunTime:0.000000s ]
INFO: [ app_init ] --END-- [ RunTime:0.001000s ]

[ 2015-08-24T05:07:09+08:00 ] 127.0.0.1 /test/secKill/secKill/index.php/Home/Manage/index
INFO: [ app_init ] --START--
INFO: Run Behavior\BuildLiteBehavior [ RunTime:0.000000s ]
INFO: [ app_init ] --END-- [ RunTime:0.001000s ]

[ 2015-08-24T05:08:30+08:00 ] 127.0.0.1 /test/secKill/secKill/index.php/Home/Manage/index
INFO: [ app_init ] --START--
INFO: Run Behavior\BuildLiteBehavior [ RunTime:0.000000s ]
INFO: [ app_init ] --END-- [ RunTime:0.001000s ]

[ 2015-08-24T05:09:15+08:00 ] 127.0.0.1 /test/secKill/secKill/index.php/Home/Manage/index
INFO: [ app_init ] --START--
INFO: Run Behavior\BuildLiteBehavior [ RunTime:0.000000s ]
INFO: [ app_init ] --END-- [ RunTime:0.001000s ]

[ 2015-08-24T05:09:55+08:00 ] 127.0.0.1 /test/secKill/secKill/index.php/Home/Manage/index
INFO: [ app_init ] --START--
INFO: Run Behavior\BuildLiteBehavior [ RunTime:0.000000s ]
INFO: [ app_init ] --END-- [ RunTime:0.001000s ]

[ 2015-08-24T05:10:33+08:00 ] 127.0.0.1 /test/secKill/secKill/index.php/Home/Manage/index
INFO: [ app_init ] --START--
INFO: Run Behavior\BuildLiteBehavior [ RunTime:0.000000s ]
INFO: [ app_init ] --END-- [ RunTime:0.002000s ]

[ 2015-08-24T05:11:01+08:00 ] 127.0.0.1 /test/secKill/secKill/index.php/Home/Manage/index
INFO: [ app_init ] --START--
INFO: Run Behavior\BuildLiteBehavior [ RunTime:0.000000s ]
INFO: [ app_init ] --END-- [ RunTime:0.004000s ]

[ 2015-08-24T05:11:51+08:00 ] 127.0.0.1 /test/secKill/secKill/index.php/Home/Manage/index
INFO: [ app_init ] --START--
INFO: Run Behavior\BuildLiteBehavior [ RunTime:0.000000s ]
INFO: [ app_init ] --END-- [ RunTime:0.001000s ]

[ 2015-08-24T05:12:27+08:00 ] 127.0.0.1 /test/secKill/secKill/index.php/Home/Manage/index
INFO: [ app_init ] --START--
INFO: Run Behavior\BuildLiteBehavior [ RunTime:0.000000s ]
INFO: [ app_init ] --END-- [ RunTime:0.001000s ]

[ 2015-08-24T05:16:22+08:00 ] 127.0.0.1 /test/secKill/secKill/index.php/Home/Manage/addGoods
INFO: [ app_init ] --START--
INFO: Run Behavior\BuildLiteBehavior [ RunTime:0.000000s ]
INFO: [ app_init ] --END-- [ RunTime:0.001000s ]

[ 2015-08-24T05:17:22+08:00 ] 127.0.0.1 /test/secKill/secKill/index.php/Home/Manage/addGoods
INFO: [ app_init ] --START--
INFO: Run Behavior\BuildLiteBehavior [ RunTime:0.000000s ]
INFO: [ app_init ] --END-- [ RunTime:0.002000s ]

[ 2015-08-24T05:17:23+08:00 ] 127.0.0.1 /test/secKill/secKill/index.php/Home/Manage/index
INFO: [ app_init ] --START--
INFO: Run Behavior\BuildLiteBehavior [ RunTime:0.000000s ]
INFO: [ app_init ] --END-- [ RunTime:0.001000s ]

[ 2015-08-24T05:17:53+08:00 ] 127.0.0.1 /test/secKill/secKill/index.php/Home/Manage/index
INFO: [ app_init ] --START--
INFO: Run Behavior\BuildLiteBehavior [ RunTime:0.000000s ]
INFO: [ app_init ] --END-- [ RunTime:0.001000s ]

[ 2015-08-24T05:18:24+08:00 ] 127.0.0.1 /test/secKill/secKill/index.php/Home/Manage/addGoods
INFO: [ app_init ] --START--
INFO: Run Behavior\BuildLiteBehavior [ RunTime:0.000000s ]
INFO: [ app_init ] --END-- [ RunTime:0.015001s ]

[ 2015-08-24T05:18:26+08:00 ] 127.0.0.1 /test/secKill/secKill/index.php/Home/Manage/index
INFO: [ app_init ] --START--
INFO: Run Behavior\BuildLiteBehavior [ RunTime:0.001000s ]
INFO: [ app_init ] --END-- [ RunTime:0.001000s ]

[ 2015-08-24T05:18:49+08:00 ] 127.0.0.1 /test/secKill/secKill/index.php/Home/Manage/index
INFO: [ app_init ] --START--
INFO: Run Behavior\BuildLiteBehavior [ RunTime:0.000000s ]
INFO: [ app_init ] --END-- [ RunTime:0.001000s ]

[ 2015-08-24T05:18:58+08:00 ] 127.0.0.1 /test/secKill/secKill/index.php/Home/Manage/addGoods
INFO: [ app_init ] --START--
INFO: Run Behavior\BuildLiteBehavior [ RunTime:0.001000s ]
INFO: [ app_init ] --END-- [ RunTime:0.002001s ]

[ 2015-08-24T05:19:00+08:00 ] 127.0.0.1 /test/secKill/secKill/index.php/Home/Manage/index
INFO: [ app_init ] --START--
INFO: Run Behavior\BuildLiteBehavior [ RunTime:0.000000s ]
INFO: [ app_init ] --END-- [ RunTime:0.004000s ]

[ 2015-08-24T05:22:00+08:00 ] 127.0.0.1 /test/secKill/secKill/index.php/Home/Manage/index
INFO: [ app_init ] --START--
INFO: Run Behavior\BuildLiteBehavior [ RunTime:0.000000s ]
INFO: [ app_init ] --END-- [ RunTime:0.001000s ]

[ 2015-08-24T05:22:38+08:00 ] 127.0.0.1 /test/secKill/secKill/index.php/Home/Manage/index
INFO: [ app_init ] --START--
INFO: Run Behavior\BuildLiteBehavior [ RunTime:0.000000s ]
INFO: [ app_init ] --END-- [ RunTime:0.003000s ]

[ 2015-08-24T05:22:47+08:00 ] 127.0.0.1 /test/secKill/secKill/index.php/Home/Manage/index
INFO: [ app_init ] --START--
INFO: Run Behavior\BuildLiteBehavior [ RunTime:0.000000s ]
INFO: [ app_init ] --END-- [ RunTime:0.001000s ]

[ 2015-08-24T21:32:16+08:00 ] 127.0.0.1 /test/secKill/secKill/
INFO: [ app_init ] --START--
INFO: Run Behavior\BuildLiteBehavior [ RunTime:0.000000s ]
INFO: [ app_init ] --END-- [ RunTime:0.002000s ]

[ 2015-08-24T21:34:08+08:00 ] 127.0.0.1 /test/secKill/secKill/
INFO: [ app_init ] --START--
INFO: Run Behavior\BuildLiteBehavior [ RunTime:0.000000s ]
INFO: [ app_init ] --END-- [ RunTime:0.000000s ]

[ 2015-08-24T21:34:09+08:00 ] 127.0.0.1 /test/secKill/secKill/index.php/Home/User/index
INFO: [ app_init ] --START--
INFO: Run Behavior\BuildLiteBehavior [ RunTime:0.000000s ]
INFO: [ app_init ] --END-- [ RunTime:0.001000s ]

[ 2015-08-24T21:34:34+08:00 ] 127.0.0.1 /test/secKill/secKill/index.php/Home/User/index
INFO: [ app_init ] --START--
INFO: Run Behavior\BuildLiteBehavior [ RunTime:0.000000s ]
INFO: [ app_init ] --END-- [ RunTime:0.001000s ]

[ 2015-08-24T21:34:36+08:00 ] 127.0.0.1 /test/secKill/secKill/index.php/Home/Manage/Login
INFO: [ app_init ] --START--
INFO: Run Behavior\BuildLiteBehavior [ RunTime:0.000000s ]
INFO: [ app_init ] --END-- [ RunTime:0.001000s ]

[ 2015-08-24T21:49:26+08:00 ] 127.0.0.1 /test/secKill/secKill/index.php/Home/Manage/doLogin
INFO: [ app_init ] --START--
INFO: Run Behavior\BuildLiteBehavior [ RunTime:0.000000s ]
INFO: [ app_init ] --END-- [ RunTime:0.001000s ]

[ 2015-08-24T21:49:28+08:00 ] 127.0.0.1 /test/secKill/secKill/index.php/Home//Manage/index
INFO: [ app_init ] --START--
INFO: Run Behavior\BuildLiteBehavior [ RunTime:0.000000s ]
INFO: [ app_init ] --END-- [ RunTime:0.002000s ]

[ 2015-08-24T22:12:01+08:00 ] 127.0.0.1 /test/secKill/secKill/index.php/Home//Manage/index
INFO: [ app_init ] --START--
INFO: Run Behavior\BuildLiteBehavior [ RunTime:0.000000s ]
INFO: [ app_init ] --END-- [ RunTime:0.001000s ]

[ 2015-08-24T22:12:02+08:00 ] 127.0.0.1 /test/secKill/secKill/index.php/Home//Manage/addGoods?id=80
INFO: [ app_init ] --START--
INFO: Run Behavior\BuildLiteBehavior [ RunTime:0.000000s ]
INFO: [ app_init ] --END-- [ RunTime:0.001000s ]

[ 2015-08-24T22:15:11+08:00 ] 127.0.0.1 /test/secKill/secKill/index.php/Home//Manage/index
INFO: [ app_init ] --START--
INFO: Run Behavior\BuildLiteBehavior [ RunTime:0.000000s ]
INFO: [ app_init ] --END-- [ RunTime:0.023002s ]

[ 2015-08-24T22:15:12+08:00 ] 127.0.0.1 /test/secKill/secKill/index.php/Home//Manage/upload?id=80
INFO: [ app_init ] --START--
INFO: Run Behavior\BuildLiteBehavior [ RunTime:0.000000s ]
INFO: [ app_init ] --END-- [ RunTime:0.002001s ]

[ 2015-08-24T22:15:41+08:00 ] 127.0.0.1 /test/secKill/secKill/index.php/Home//Manage/upload?id=80
INFO: [ app_init ] --START--
INFO: Run Behavior\BuildLiteBehavior [ RunTime:0.000000s ]
INFO: [ app_init ] --END-- [ RunTime:0.001000s ]

[ 2015-08-24T22:22:54+08:00 ] 127.0.0.1 /test/secKill/secKill/index.php/Home//Manage/upload?id=80
INFO: [ app_init ] --START--
INFO: Run Behavior\BuildLiteBehavior [ RunTime:0.000000s ]
INFO: [ app_init ] --END-- [ RunTime:0.001001s ]

[ 2015-08-24T22:23:09+08:00 ] 127.0.0.1 /test/secKill/secKill/index.php/Home//Manage/doAction?id=
INFO: [ app_init ] --START--
INFO: Run Behavior\BuildLiteBehavior [ RunTime:0.001000s ]
INFO: [ app_init ] --END-- [ RunTime:0.003000s ]

[ 2015-08-24T22:23:10+08:00 ] 127.0.0.1 /test/secKill/secKill/index.php/Home//Manage/upload?id=80
INFO: [ app_init ] --START--
INFO: Run Behavior\BuildLiteBehavior [ RunTime:0.000000s ]
INFO: [ app_init ] --END-- [ RunTime:0.002001s ]

[ 2015-08-24T22:24:06+08:00 ] 127.0.0.1 /test/secKill/secKill/index.php/Home//Manage/upload?id=80
INFO: [ app_init ] --START--
INFO: Run Behavior\BuildLiteBehavior [ RunTime:0.000000s ]
INFO: [ app_init ] --END-- [ RunTime:0.001000s ]

[ 2015-08-24T22:24:11+08:00 ] 127.0.0.1 /test/secKill/secKill/index.php/Home//Manage/doAction?id=
INFO: [ app_init ] --START--
INFO: Run Behavior\BuildLiteBehavior [ RunTime:0.000000s ]
INFO: [ app_init ] --END-- [ RunTime:0.001000s ]

[ 2015-08-24T22:24:13+08:00 ] 127.0.0.1 /test/secKill/secKill/index.php/Home//Manage/index
INFO: [ app_init ] --START--
INFO: Run Behavior\BuildLiteBehavior [ RunTime:0.000000s ]
INFO: [ app_init ] --END-- [ RunTime:0.001000s ]

[ 2015-08-24T22:24:55+08:00 ] 127.0.0.1 /test/secKill/secKill/index.php/Home//Manage/upload?id=80
INFO: [ app_init ] --START--
INFO: Run Behavior\BuildLiteBehavior [ RunTime:0.000000s ]
INFO: [ app_init ] --END-- [ RunTime:0.002000s ]

[ 2015-08-24T22:25:00+08:00 ] 127.0.0.1 /test/secKill/secKill/index.php/Home//Manage/doAction?id=
INFO: [ app_init ] --START--
INFO: Run Behavior\BuildLiteBehavior [ RunTime:0.000000s ]
INFO: [ app_init ] --END-- [ RunTime:0.001000s ]

[ 2015-08-24T22:25:46+08:00 ] 127.0.0.1 /test/secKill/secKill/index.php/Home//Manage/doAction?id=
INFO: [ app_init ] --START--
INFO: Run Behavior\BuildLiteBehavior [ RunTime:0.000000s ]
INFO: [ app_init ] --END-- [ RunTime:0.002001s ]

[ 2015-08-24T22:25:49+08:00 ] 127.0.0.1 /test/secKill/secKill/index.php/Home//Manage/upload?id=80
INFO: [ app_init ] --START--
INFO: Run Behavior\BuildLiteBehavior [ RunTime:0.000000s ]
INFO: [ app_init ] --END-- [ RunTime:0.001000s ]

[ 2015-08-24T22:25:56+08:00 ] 127.0.0.1 /test/secKill/secKill/index.php/Home//Manage/doAction?id=80
INFO: [ app_init ] --START--
INFO: Run Behavior\BuildLiteBehavior [ RunTime:0.000000s ]
INFO: [ app_init ] --END-- [ RunTime:0.002000s ]

[ 2015-08-24T22:26:07+08:00 ] 127.0.0.1 /test/secKill/secKill/index.php/Home//Manage/doAction?id=80
INFO: [ app_init ] --START--
INFO: Run Behavior\BuildLiteBehavior [ RunTime:0.000000s ]
INFO: [ app_init ] --END-- [ RunTime:0.002000s ]

[ 2015-08-24T22:26:08+08:00 ] 127.0.0.1 /test/secKill/secKill/index.php/Home//Manage/index
INFO: [ app_init ] --START--
INFO: Run Behavior\BuildLiteBehavior [ RunTime:0.000000s ]
INFO: [ app_init ] --END-- [ RunTime:0.001000s ]

[ 2015-08-24T22:26:54+08:00 ] 127.0.0.1 /test/secKill/secKill/index.php/Home//Manage/index
INFO: [ app_init ] --START--
INFO: Run Behavior\BuildLiteBehavior [ RunTime:0.000000s ]
INFO: [ app_init ] --END-- [ RunTime:0.001000s ]

[ 2015-08-24T22:27:00+08:00 ] 127.0.0.1 /test/secKill/secKill/index.php/Home//Manage/index
INFO: [ app_init ] --START--
INFO: Run Behavior\BuildLiteBehavior [ RunTime:0.000000s ]
INFO: [ app_init ] --END-- [ RunTime:0.001001s ]

[ 2015-08-24T22:27:12+08:00 ] 127.0.0.1 /test/secKill/secKill/index.php/Home//Manage/outlogin
INFO: [ app_init ] --START--
INFO: Run Behavior\BuildLiteBehavior [ RunTime:0.000000s ]
INFO: [ app_init ] --END-- [ RunTime:0.001000s ]

[ 2015-08-24T22:27:12+08:00 ] 127.0.0.1 /test/secKill/secKill/index.php/Home//Manage/index
INFO: [ app_init ] --START--
INFO: Run Behavior\BuildLiteBehavior [ RunTime:0.000000s ]
INFO: [ app_init ] --END-- [ RunTime:0.001000s ]

[ 2015-08-24T22:27:43+08:00 ] 127.0.0.1 /test/secKill/secKill/index.php/Home//Manage/index
INFO: [ app_init ] --START--
INFO: Run Behavior\BuildLiteBehavior [ RunTime:0.000000s ]
INFO: [ app_init ] --END-- [ RunTime:0.002000s ]

[ 2015-08-24T22:28:17+08:00 ] 127.0.0.1 /test/secKill/secKill/index.php/Home//Manage/doLogin
INFO: [ app_init ] --START--
INFO: Run Behavior\BuildLiteBehavior [ RunTime:0.000000s ]
INFO: [ app_init ] --END-- [ RunTime:0.001000s ]

[ 2015-08-24T22:28:18+08:00 ] 127.0.0.1 /test/secKill/secKill/index.php/Home/Manage/index
INFO: [ app_init ] --START--
INFO: Run Behavior\BuildLiteBehavior [ RunTime:0.000000s ]
INFO: [ app_init ] --END-- [ RunTime:0.001000s ]

[ 2015-08-24T22:28:20+08:00 ] 127.0.0.1 /test/secKill/secKill/index.php/Home/Manage/outlogin
INFO: [ app_init ] --START--
INFO: Run Behavior\BuildLiteBehavior [ RunTime:0.000000s ]
INFO: [ app_init ] --END-- [ RunTime:0.001000s ]

[ 2015-08-24T22:28:20+08:00 ] 127.0.0.1 /test/secKill/secKill/index.php/Home/Manage/index
INFO: [ app_init ] --START--
INFO: Run Behavior\BuildLiteBehavior [ RunTime:0.000000s ]
INFO: [ app_init ] --END-- [ RunTime:0.001000s ]

[ 2015-08-24T22:32:28+08:00 ] 127.0.0.1 /test/secKill/secKill/index.php
INFO: [ app_init ] --START--
INFO: Run Behavior\BuildLiteBehavior [ RunTime:0.000000s ]
INFO: [ app_init ] --END-- [ RunTime:0.001000s ]

[ 2015-08-24T22:32:28+08:00 ] 127.0.0.1 /test/secKill/secKill/index.php/Home/User/index
INFO: [ app_init ] --START--
INFO: Run Behavior\BuildLiteBehavior [ RunTime:0.000000s ]
INFO: [ app_init ] --END-- [ RunTime:0.002000s ]

[ 2015-08-24T22:39:43+08:00 ] 127.0.0.1 /test/secKill/secKill/index.php/Home/Manage/Login
INFO: [ app_init ] --START--
INFO: Run Behavior\BuildLiteBehavior [ RunTime:0.000000s ]
INFO: [ app_init ] --END-- [ RunTime:0.002000s ]

[ 2015-08-24T22:39:51+08:00 ] 127.0.0.1 /test/secKill/secKill/index.php/Home/Manage/doLogin
INFO: [ app_init ] --START--
INFO: Run Behavior\BuildLiteBehavior [ RunTime:0.000000s ]
INFO: [ app_init ] --END-- [ RunTime:0.001000s ]

[ 2015-08-24T22:39:52+08:00 ] 127.0.0.1 /test/secKill/secKill/index.php/Home/Manage/index
INFO: [ app_init ] --START--
INFO: Run Behavior\BuildLiteBehavior [ RunTime:0.000000s ]
INFO: [ app_init ] --END-- [ RunTime:0.004001s ]

[ 2015-08-24T22:39:54+08:00 ] 127.0.0.1 /test/secKill/secKill/index.php/Home/Manage/outlogin
INFO: [ app_init ] --START--
INFO: Run Behavior\BuildLiteBehavior [ RunTime:0.000000s ]
INFO: [ app_init ] --END-- [ RunTime:0.003001s ]

[ 2015-08-24T22:39:54+08:00 ] 127.0.0.1 /test/secKill/secKill/index.php/Home/User/index
INFO: [ app_init ] --START--
INFO: Run Behavior\BuildLiteBehavior [ RunTime:0.000000s ]
INFO: [ app_init ] --END-- [ RunTime:0.001000s ]

[ 2015-08-24T22:40:33+08:00 ] 127.0.0.1 /test/secKill/secKill/index.php/Home/User/login
INFO: [ app_init ] --START--
INFO: Run Behavior\BuildLiteBehavior [ RunTime:0.000000s ]
INFO: [ app_init ] --END-- [ RunTime:0.001000s ]

[ 2015-08-24T22:40:46+08:00 ] 127.0.0.1 /test/secKill/secKill/index.php/Home/User/doLogin
INFO: [ app_init ] --START--
INFO: Run Behavior\BuildLiteBehavior [ RunTime:0.000000s ]
INFO: [ app_init ] --END-- [ RunTime:0.000000s ]

[ 2015-08-24T22:40:46+08:00 ] 127.0.0.1 /test/secKill/secKill/index.php/Home//User/index
INFO: [ app_init ] --START--
INFO: Run Behavior\BuildLiteBehavior [ RunTime:0.000000s ]
INFO: [ app_init ] --END-- [ RunTime:0.001000s ]

[ 2015-08-24T22:53:55+08:00 ] 127.0.0.1 /test/secKill/secKill/index.php/Home//User/index
INFO: [ app_init ] --START--
INFO: Run Behavior\BuildLiteBehavior [ RunTime:0.000000s ]
INFO: [ app_init ] --END-- [ RunTime:0.007000s ]

[ 2015-08-24T23:04:24+08:00 ] 127.0.0.1 /test/secKill/secKill/index.php/Home//User/index
INFO: [ app_init ] --START--
INFO: Run Behavior\BuildLiteBehavior [ RunTime:0.000000s ]
INFO: [ app_init ] --END-- [ RunTime:0.001000s ]

[ 2015-08-24T23:28:27+08:00 ] 127.0.0.1 /test/secKill/secKill/index.php/Home//User/index
INFO: [ app_init ] --START--
INFO: Run Behavior\BuildLiteBehavior [ RunTime:0.000000s ]
INFO: [ app_init ] --END-- [ RunTime:0.001000s ]

[ 2015-08-24T23:38:27+08:00 ] 127.0.0.1 /test/secKill/secKill/index.php/Home//User/index
INFO: [ app_init ] --START--
INFO: Run Behavior\BuildLiteBehavior [ RunTime:0.000000s ]
INFO: [ app_init ] --END-- [ RunTime:0.001001s ]

[ 2015-08-24T23:38:29+08:00 ] 127.0.0.1 /test/secKill/secKill/index.php/Home//User/seckill?id=80
INFO: [ app_init ] --START--
INFO: Run Behavior\BuildLiteBehavior [ RunTime:0.000000s ]
INFO: [ app_init ] --END-- [ RunTime:0.001000s ]

[ 2015-08-24T23:38:38+08:00 ] 127.0.0.1 /test/secKill/secKill/index.php/Home//User/seckill?id=80
INFO: [ app_init ] --START--
INFO: Run Behavior\BuildLiteBehavior [ RunTime:0.000000s ]
INFO: [ app_init ] --END-- [ RunTime:0.001000s ]

[ 2015-08-24T23:40:26+08:00 ] 127.0.0.1 /test/secKill/secKill/index.php/Home//User/seckill?id=80
INFO: [ app_init ] --START--
INFO: Run Behavior\BuildLiteBehavior [ RunTime:0.000000s ]
INFO: [ app_init ] --END-- [ RunTime:0.003001s ]

[ 2015-08-24T23:43:31+08:00 ] 127.0.0.1 /test/secKill/secKill/index.php/Home//User/seckill?id=80
INFO: [ app_init ] --START--
INFO: Run Behavior\BuildLiteBehavior [ RunTime:0.000000s ]
INFO: [ app_init ] --END-- [ RunTime:0.011001s ]

[ 2015-08-24T23:49:46+08:00 ] 127.0.0.1 /test/secKill/secKill/index.php/Home//User/seckill?id=80
INFO: [ app_init ] --START--
INFO: Run Behavior\BuildLiteBehavior [ RunTime:0.000000s ]
INFO: [ app_init ] --END-- [ RunTime:0.001000s ]

[ 2015-08-24T23:53:14+08:00 ] 127.0.0.1 /test/secKill/secKill/index.php/Home//User/seckill?id=80
INFO: [ app_init ] --START--
INFO: Run Behavior\BuildLiteBehavior [ RunTime:0.000000s ]
INFO: [ app_init ] --END-- [ RunTime:0.002001s ]

[ 2015-08-24T23:53:17+08:00 ] 127.0.0.1 /test/secKill/secKill/index.php/Home//User/seckill?id=80
INFO: [ app_init ] --START--
INFO: Run Behavior\BuildLiteBehavior [ RunTime:0.000000s ]
INFO: [ app_init ] --END-- [ RunTime:0.001000s ]

[ 2015-08-24T23:55:22+08:00 ] 127.0.0.1 /test/secKill/secKill/index.php/Home//User/seckill?id=80
INFO: [ app_init ] --START--
INFO: Run Behavior\BuildLiteBehavior [ RunTime:0.000000s ]
INFO: [ app_init ] --END-- [ RunTime:0.001000s ]

[ 2015-08-24T23:55:24+08:00 ] 127.0.0.1 /test/secKill/secKill/index.php/Home/User/index
INFO: [ app_init ] --START--
INFO: Run Behavior\BuildLiteBehavior [ RunTime:0.000000s ]
INFO: [ app_init ] --END-- [ RunTime:0.002000s ]

