[ 2015-08-23T00:17:30+08:00 ] 127.0.0.1 /test/secKill/secKill/index.php/Home/User/index
INFO: [ app_init ] --START--
INFO: Run Behavior\BuildLiteBehavior [ RunTime:0.000000s ]
INFO: [ app_init ] --END-- [ RunTime:0.001000s ]

[ 2015-08-23T00:17:31+08:00 ] 127.0.0.1 /test/secKill/secKill/index.php/Home/User/index
INFO: [ app_init ] --START--
INFO: Run Behavior\BuildLiteBehavior [ RunTime:0.002000s ]
INFO: [ app_init ] --END-- [ RunTime:0.003000s ]

[ 2015-08-23T00:57:42+08:00 ] 127.0.0.1 /test/secKill/secKill/index.php/Home/User/index
INFO: [ app_init ] --START--
INFO: Run Behavior\BuildLiteBehavior [ RunTime:0.000000s ]
INFO: [ app_init ] --END-- [ RunTime:0.001000s ]

[ 2015-08-23T00:57:48+08:00 ] 127.0.0.1 /test/secKill/secKill/index.php/Home/User/login
INFO: [ app_init ] --START--
INFO: Run Behavior\BuildLiteBehavior [ RunTime:0.000000s ]
INFO: [ app_init ] --END-- [ RunTime:0.002000s ]

[ 2015-08-23T00:57:49+08:00 ] 127.0.0.1 /test/secKill/secKill/index.php/Home//Login/register
INFO: [ app_init ] --START--
INFO: Run Behavior\BuildLiteBehavior [ RunTime:0.000000s ]
INFO: [ app_init ] --END-- [ RunTime:0.001000s ]
ERR: 模板不存在:D:/phpEnv/www/test/secKill/secKill/Home/View/Login/register.html

[ 2015-08-23T00:58:23+08:00 ] 127.0.0.1 /test/secKill/secKill/index.php/Home/User/login
INFO: [ app_init ] --START--
INFO: Run Behavior\BuildLiteBehavior [ RunTime:0.000000s ]
INFO: [ app_init ] --END-- [ RunTime:0.001000s ]

[ 2015-08-23T00:58:24+08:00 ] 127.0.0.1 /test/secKill/secKill/index.php/Home//User/register
INFO: [ app_init ] --START--
INFO: Run Behavior\BuildLiteBehavior [ RunTime:0.000000s ]
INFO: [ app_init ] --END-- [ RunTime:0.001000s ]

[ 2015-08-23T00:58:51+08:00 ] 127.0.0.1 /test/secKill/secKill/index.php/Home//User/register
INFO: [ app_init ] --START--
INFO: Run Behavior\BuildLiteBehavior [ RunTime:0.000000s ]
INFO: [ app_init ] --END-- [ RunTime:0.001000s ]

[ 2015-08-23T00:58:58+08:00 ] 127.0.0.1 /test/secKill/secKill/index.php/Home//User/doRegister
INFO: [ app_init ] --START--
INFO: Run Behavior\BuildLiteBehavior [ RunTime:0.000000s ]
INFO: [ app_init ] --END-- [ RunTime:0.001000s ]
ERR: SQLSTATE[42S02]: Base table or view not found: 1146 Table 'chat.login' doesn't exist

[ 2015-08-23T00:59:56+08:00 ] 127.0.0.1 /test/secKill/secKill/index.php/Home//User/doRegister
INFO: [ app_init ] --START--
INFO: Run Behavior\BuildLiteBehavior [ RunTime:0.000000s ]
INFO: [ app_init ] --END-- [ RunTime:0.001000s ]
ERR: SQLSTATE[42S02]: Base table or view not found: 1146 Table 'chat.login' doesn't exist

[ 2015-08-23T01:00:49+08:00 ] 127.0.0.1 /test/secKill/secKill/index.php/Home//User/doRegister
INFO: [ app_init ] --START--
INFO: Run Behavior\BuildLiteBehavior [ RunTime:0.000000s ]
INFO: [ app_init ] --END-- [ RunTime:0.001000s ]
ERR: SQLSTATE[42S02]: Base table or view not found: 1146 Table 'seckill.login' doesn't exist

[ 2015-08-23T01:01:35+08:00 ] 127.0.0.1 /test/secKill/secKill/index.php/Home//User/doRegister
INFO: [ app_init ] --START--
INFO: Run Behavior\BuildLiteBehavior [ RunTime:0.000000s ]
INFO: [ app_init ] --END-- [ RunTime:0.002001s ]

[ 2015-08-23T01:01:44+08:00 ] 127.0.0.1 /test/secKill/secKill/index.php/Home//User/doRegister
INFO: [ app_init ] --START--
INFO: Run Behavior\BuildLiteBehavior [ RunTime:0.000000s ]
INFO: [ app_init ] --END-- [ RunTime:0.002000s ]
ERR: SQLSTATE[42S02]: Base table or view not found: 1146 Table 'seckill.login' doesn't exist

[ 2015-08-23T01:01:55+08:00 ] 127.0.0.1 /test/secKill/secKill/index.php/Home//User/doRegister
INFO: [ app_init ] --START--
INFO: Run Behavior\BuildLiteBehavior [ RunTime:0.000000s ]
INFO: [ app_init ] --END-- [ RunTime:0.001000s ]
ERR: SQLSTATE[42S02]: Base table or view not found: 1146 Table 'seckill.login' doesn't exist

[ 2015-08-23T01:02:54+08:00 ] 127.0.0.1 /test/secKill/secKill/index.php/Home//User/doRegister
INFO: [ app_init ] --START--
INFO: Run Behavior\BuildLiteBehavior [ RunTime:0.000000s ]
INFO: [ app_init ] --END-- [ RunTime:0.013001s ]

[ 2015-08-23T01:03:24+08:00 ] 127.0.0.1 /test/secKill/secKill/index.php/Home//User/doRegister
INFO: [ app_init ] --START--
INFO: Run Behavior\BuildLiteBehavior [ RunTime:0.001000s ]
INFO: [ app_init ] --END-- [ RunTime:0.009001s ]

[ 2015-08-23T01:04:57+08:00 ] 127.0.0.1 /test/secKill/secKill/index.php/Home//User/doRegister
INFO: [ app_init ] --START--
INFO: Run Behavior\BuildLiteBehavior [ RunTime:0.000000s ]
INFO: [ app_init ] --END-- [ RunTime:0.001000s ]

[ 2015-08-23T01:05:18+08:00 ] 127.0.0.1 /test/secKill/secKill/index.php/Home//User/doRegister
INFO: [ app_init ] --START--
INFO: Run Behavior\BuildLiteBehavior [ RunTime:0.000000s ]
INFO: [ app_init ] --END-- [ RunTime:0.001000s ]

[ 2015-08-23T01:06:10+08:00 ] 127.0.0.1 /test/secKill/secKill/index.php/Home//User/doRegister
INFO: [ app_init ] --START--
INFO: Run Behavior\BuildLiteBehavior [ RunTime:0.000000s ]
INFO: [ app_init ] --END-- [ RunTime:0.001000s ]

[ 2015-08-23T01:06:26+08:00 ] 127.0.0.1 /test/secKill/secKill/index.php/Home//User/doRegister
INFO: [ app_init ] --START--
INFO: Run Behavior\BuildLiteBehavior [ RunTime:0.000000s ]
INFO: [ app_init ] --END-- [ RunTime:0.001000s ]

[ 2015-08-23T01:06:37+08:00 ] 127.0.0.1 /test/secKill/secKill/index.php/Home//User/doRegister
INFO: [ app_init ] --START--
INFO: Run Behavior\BuildLiteBehavior [ RunTime:0.000000s ]
INFO: [ app_init ] --END-- [ RunTime:0.002000s ]

[ 2015-08-23T01:07:06+08:00 ] 127.0.0.1 /test/secKill/secKill/index.php/Home//User/doRegister
INFO: [ app_init ] --START--
INFO: Run Behavior\BuildLiteBehavior [ RunTime:0.000000s ]
INFO: [ app_init ] --END-- [ RunTime:0.005000s ]

[ 2015-08-23T01:07:54+08:00 ] 127.0.0.1 /test/secKill/secKill/index.php/Home//User/doRegister
INFO: [ app_init ] --START--
INFO: Run Behavior\BuildLiteBehavior [ RunTime:0.000000s ]
INFO: [ app_init ] --END-- [ RunTime:0.008000s ]

[ 2015-08-23T01:14:53+08:00 ] 127.0.0.1 /test/secKill/secKill/index.php/Home/User/login
INFO: [ app_init ] --START--
INFO: Run Behavior\BuildLiteBehavior [ RunTime:0.000000s ]
INFO: [ app_init ] --END-- [ RunTime:0.001000s ]

[ 2015-08-23T01:15:00+08:00 ] 127.0.0.1 /test/secKill/secKill/index.php/Home/User/login
INFO: [ app_init ] --START--
INFO: Run Behavior\BuildLiteBehavior [ RunTime:0.000000s ]
INFO: [ app_init ] --END-- [ RunTime:0.000000s ]

[ 2015-08-23T01:15:23+08:00 ] 127.0.0.1 /test/secKill/secKill/index.php/Home/User/login
INFO: [ app_init ] --START--
INFO: Run Behavior\BuildLiteBehavior [ RunTime:0.000000s ]
INFO: [ app_init ] --END-- [ RunTime:0.000000s ]

[ 2015-08-23T01:15:26+08:00 ] 127.0.0.1 /test/secKill/secKill/index.php/Home/User/login
INFO: [ app_init ] --START--
INFO: Run Behavior\BuildLiteBehavior [ RunTime:0.000000s ]
INFO: [ app_init ] --END-- [ RunTime:0.001001s ]

[ 2015-08-23T01:15:31+08:00 ] 127.0.0.1 /test/secKill/secKill/index.php/Home/User/doLogin
INFO: [ app_init ] --START--
INFO: Run Behavior\BuildLiteBehavior [ RunTime:0.000000s ]
INFO: [ app_init ] --END-- [ RunTime:0.001000s ]

[ 2015-08-23T01:16:05+08:00 ] 127.0.0.1 /test/secKill/secKill/index.php/Home/User/doLogin
INFO: [ app_init ] --START--
INFO: Run Behavior\BuildLiteBehavior [ RunTime:0.001000s ]
INFO: [ app_init ] --END-- [ RunTime:0.001000s ]

[ 2015-08-23T01:16:50+08:00 ] 127.0.0.1 /test/secKill/secKill/index.php/Home/User/doLogin
INFO: [ app_init ] --START--
INFO: Run Behavior\BuildLiteBehavior [ RunTime:0.000000s ]
INFO: [ app_init ] --END-- [ RunTime:0.053003s ]

[ 2015-08-23T01:17:25+08:00 ] 127.0.0.1 /test/secKill/secKill/index.php/Home/User/doLogin
INFO: [ app_init ] --START--
INFO: Run Behavior\BuildLiteBehavior [ RunTime:0.000000s ]
INFO: [ app_init ] --END-- [ RunTime:0.001000s ]

[ 2015-08-23T01:18:58+08:00 ] 127.0.0.1 /test/secKill/secKill/index.php/Home//User/register
INFO: [ app_init ] --START--
INFO: Run Behavior\BuildLiteBehavior [ RunTime:0.000000s ]
INFO: [ app_init ] --END-- [ RunTime:0.002001s ]

[ 2015-08-23T01:19:11+08:00 ] 127.0.0.1 /test/secKill/secKill/index.php/Home//User/doRegister
INFO: [ app_init ] --START--
INFO: Run Behavior\BuildLiteBehavior [ RunTime:0.000000s ]
INFO: [ app_init ] --END-- [ RunTime:0.003000s ]

[ 2015-08-23T01:19:22+08:00 ] 127.0.0.1 /test/secKill/secKill/index.php/Home//User/doRegister
INFO: [ app_init ] --START--
INFO: Run Behavior\BuildLiteBehavior [ RunTime:0.000000s ]
INFO: [ app_init ] --END-- [ RunTime:0.001000s ]

[ 2015-08-23T01:19:22+08:00 ] 127.0.0.1 /test/secKill/secKill/index.php/Home//User/index
INFO: [ app_init ] --START--
INFO: Run Behavior\BuildLiteBehavior [ RunTime:0.000000s ]
INFO: [ app_init ] --END-- [ RunTime:0.002000s ]

[ 2015-08-23T01:21:41+08:00 ] 127.0.0.1 /test/secKill/secKill/index.php/Home//User/index
INFO: [ app_init ] --START--
INFO: Run Behavior\BuildLiteBehavior [ RunTime:0.000000s ]
INFO: [ app_init ] --END-- [ RunTime:0.002000s ]

[ 2015-08-23T01:21:43+08:00 ] 127.0.0.1 /test/secKill/secKill/index.php/Home//User/index
INFO: [ app_init ] --START--
INFO: Run Behavior\BuildLiteBehavior [ RunTime:0.000000s ]
INFO: [ app_init ] --END-- [ RunTime:0.001000s ]

[ 2015-08-23T01:21:47+08:00 ] 127.0.0.1 /test/secKill/secKill/index.php/Home//User/register
INFO: [ app_init ] --START--
INFO: Run Behavior\BuildLiteBehavior [ RunTime:0.000000s ]
INFO: [ app_init ] --END-- [ RunTime:0.003000s ]

[ 2015-08-23T01:21:55+08:00 ] 127.0.0.1 /test/secKill/secKill/index.php/Home//User/login
INFO: [ app_init ] --START--
INFO: Run Behavior\BuildLiteBehavior [ RunTime:0.000000s ]
INFO: [ app_init ] --END-- [ RunTime:0.001000s ]

[ 2015-08-23T01:22:00+08:00 ] 127.0.0.1 /test/secKill/secKill/index.php/Home//User/doLogin
INFO: [ app_init ] --START--
INFO: Run Behavior\BuildLiteBehavior [ RunTime:0.000000s ]
INFO: [ app_init ] --END-- [ RunTime:0.001000s ]

[ 2015-08-23T01:22:00+08:00 ] 127.0.0.1 /test/secKill/secKill/index.php/Home//User/index
INFO: [ app_init ] --START--
INFO: Run Behavior\BuildLiteBehavior [ RunTime:0.000000s ]
INFO: [ app_init ] --END-- [ RunTime:0.001000s ]

[ 2015-08-23T01:22:22+08:00 ] 127.0.0.1 /test/secKill/secKill/index.php/Home//User/outlogin
INFO: [ app_init ] --START--
INFO: Run Behavior\BuildLiteBehavior [ RunTime:0.000000s ]
INFO: [ app_init ] --END-- [ RunTime:0.001000s ]
ERR: SQLSTATE[42S22]: Column not found: 1054 Unknown column 'status' in 'field list'

[ 2015-08-23T01:22:34+08:00 ] 127.0.0.1 /test/secKill/secKill/index.php/Home//User/outlogin
INFO: [ app_init ] --START--
INFO: Run Behavior\BuildLiteBehavior [ RunTime:0.000000s ]
INFO: [ app_init ] --END-- [ RunTime:0.003000s ]

[ 2015-08-23T01:22:51+08:00 ] 127.0.0.1 /test/secKill/secKill/index.php/Home//User/index
INFO: [ app_init ] --START--
INFO: Run Behavior\BuildLiteBehavior [ RunTime:0.000000s ]
INFO: [ app_init ] --END-- [ RunTime:0.002000s ]

[ 2015-08-23T01:22:53+08:00 ] 127.0.0.1 /test/secKill/secKill/index.php/Home//User/index
INFO: [ app_init ] --START--
INFO: Run Behavior\BuildLiteBehavior [ RunTime:0.000000s ]
INFO: [ app_init ] --END-- [ RunTime:0.001000s ]

[ 2015-08-23T01:22:55+08:00 ] 127.0.0.1 /test/secKill/secKill/index.php/Home//User/login
INFO: [ app_init ] --START--
INFO: Run Behavior\BuildLiteBehavior [ RunTime:0.000000s ]
INFO: [ app_init ] --END-- [ RunTime:0.001000s ]

[ 2015-08-23T01:23:03+08:00 ] 127.0.0.1 /test/secKill/secKill/index.php/Home//User/doLogin
INFO: [ app_init ] --START--
INFO: Run Behavior\BuildLiteBehavior [ RunTime:0.000000s ]
INFO: [ app_init ] --END-- [ RunTime:0.001000s ]

[ 2015-08-23T01:23:03+08:00 ] 127.0.0.1 /test/secKill/secKill/index.php/Home//User/index
INFO: [ app_init ] --START--
INFO: Run Behavior\BuildLiteBehavior [ RunTime:0.000000s ]
INFO: [ app_init ] --END-- [ RunTime:0.001000s ]

[ 2015-08-23T01:23:11+08:00 ] 127.0.0.1 /test/secKill/secKill/index.php/Home//User/outlogin
INFO: [ app_init ] --START--
INFO: Run Behavior\BuildLiteBehavior [ RunTime:0.000000s ]
INFO: [ app_init ] --END-- [ RunTime:0.001000s ]

[ 2015-08-23T01:24:09+08:00 ] 127.0.0.1 /test/secKill/secKill/index.php/Home//User/outlogin
INFO: [ app_init ] --START--
INFO: Run Behavior\BuildLiteBehavior [ RunTime:0.001000s ]
INFO: [ app_init ] --END-- [ RunTime:0.002000s ]

[ 2015-08-23T01:24:09+08:00 ] 127.0.0.1 /test/secKill/secKill/index.php/Home//User/index
INFO: [ app_init ] --START--
INFO: Run Behavior\BuildLiteBehavior [ RunTime:0.000000s ]
INFO: [ app_init ] --END-- [ RunTime:0.001000s ]

[ 2015-08-23T01:26:08+08:00 ] 127.0.0.1 /test/secKill/secKill/index.php/Home/manage/index
INFO: [ app_init ] --START--
INFO: Run Behavior\BuildLiteBehavior [ RunTime:0.000000s ]
INFO: [ app_init ] --END-- [ RunTime:0.001000s ]

[ 2015-08-23T01:42:11+08:00 ] 127.0.0.1 /test/secKill/secKill/index.php/Home//User/index
INFO: [ app_init ] --START--
INFO: Run Behavior\BuildLiteBehavior [ RunTime:0.000000s ]
INFO: [ app_init ] --END-- [ RunTime:0.001000s ]

[ 2015-08-23T01:42:57+08:00 ] 127.0.0.1 /test/secKill/secKill/index.php/Home/User/Location:%20http:/localhost/test/secKill/secKill/index.php/Home/Manage/Login
INFO: [ app_init ] --START--
INFO: Run Behavior\BuildLiteBehavior [ RunTime:0.000000s ]
INFO: [ app_init ] --END-- [ RunTime:0.001000s ]
ERR: 非法操作:Location: http:

[ 2015-08-23T01:43:26+08:00 ] 127.0.0.1 /test/secKill/secKill/index.php/Home//User/index
INFO: [ app_init ] --START--
INFO: Run Behavior\BuildLiteBehavior [ RunTime:0.000000s ]
INFO: [ app_init ] --END-- [ RunTime:0.002000s ]

[ 2015-08-23T01:43:30+08:00 ] 127.0.0.1 /test/secKill/secKill/index.php/Home/Manage/Login
INFO: [ app_init ] --START--
INFO: Run Behavior\BuildLiteBehavior [ RunTime:0.000000s ]
INFO: [ app_init ] --END-- [ RunTime:0.001001s ]

[ 2015-08-23T01:43:33+08:00 ] 127.0.0.1 /test/secKill/secKill/index.php/Home//Login/register
INFO: [ app_init ] --START--
INFO: Run Behavior\BuildLiteBehavior [ RunTime:0.000000s ]
INFO: [ app_init ] --END-- [ RunTime:0.001000s ]
ERR: 模板不存在:D:/phpEnv/www/test/secKill/secKill/Home/View/Login/register.html

[ 2015-08-23T01:44:50+08:00 ] 127.0.0.1 /test/secKill/secKill/index.php/Home//Login/register
INFO: [ app_init ] --START--
INFO: Run Behavior\BuildLiteBehavior [ RunTime:0.000000s ]
INFO: [ app_init ] --END-- [ RunTime:0.006000s ]
ERR: 模板不存在:D:/phpEnv/www/test/secKill/secKill/Home/View/Login/register.html

[ 2015-08-23T01:44:53+08:00 ] 127.0.0.1 /test/secKill/secKill/index.php/Home/Manage/Login
INFO: [ app_init ] --START--
INFO: Run Behavior\BuildLiteBehavior [ RunTime:0.000000s ]
INFO: [ app_init ] --END-- [ RunTime:0.001000s ]

[ 2015-08-23T01:44:55+08:00 ] 127.0.0.1 /test/secKill/secKill/index.php/Home//manage/register
INFO: [ app_init ] --START--
INFO: Run Behavior\BuildLiteBehavior [ RunTime:0.000000s ]
INFO: [ app_init ] --END-- [ RunTime:0.001001s ]

[ 2015-08-23T01:45:07+08:00 ] 127.0.0.1 /test/secKill/secKill/index.php/Home//manage/doRegister
INFO: [ app_init ] --START--
INFO: Run Behavior\BuildLiteBehavior [ RunTime:0.000000s ]
INFO: [ app_init ] --END-- [ RunTime:0.001000s ]

[ 2015-08-23T01:45:32+08:00 ] 127.0.0.1 /test/secKill/secKill/index.php/Home//manage/doRegister
INFO: [ app_init ] --START--
INFO: Run Behavior\BuildLiteBehavior [ RunTime:0.000000s ]
INFO: [ app_init ] --END-- [ RunTime:0.002000s ]

[ 2015-08-23T01:45:32+08:00 ] 127.0.0.1 /test/secKill/secKill/index.php/Home//Manage/index
INFO: [ app_init ] --START--
INFO: Run Behavior\BuildLiteBehavior [ RunTime:0.000000s ]
INFO: [ app_init ] --END-- [ RunTime:0.001000s ]

[ 2015-08-23T01:45:53+08:00 ] 127.0.0.1 /test/secKill/secKill/index.php/Home//Manage/index
INFO: [ app_init ] --START--
INFO: Run Behavior\BuildLiteBehavior [ RunTime:0.000000s ]
INFO: [ app_init ] --END-- [ RunTime:0.004000s ]

[ 2015-08-23T01:47:38+08:00 ] 127.0.0.1 /test/secKill/secKill/index.php/Home//Manage/index
INFO: [ app_init ] --START--
INFO: Run Behavior\BuildLiteBehavior [ RunTime:0.000000s ]
INFO: [ app_init ] --END-- [ RunTime:0.003000s ]

[ 2015-08-23T01:48:05+08:00 ] 127.0.0.1 /test/secKill/secKill/index.php/Home//Manage/index
INFO: [ app_init ] --START--
INFO: Run Behavior\BuildLiteBehavior [ RunTime:0.000000s ]
INFO: [ app_init ] --END-- [ RunTime:0.001000s ]

[ 2015-08-23T01:48:07+08:00 ] 127.0.0.1 /test/secKill/secKill/index.php/Home//Manage/outlogin
INFO: [ app_init ] --START--
INFO: Run Behavior\BuildLiteBehavior [ RunTime:0.000000s ]
INFO: [ app_init ] --END-- [ RunTime:0.001000s ]

[ 2015-08-23T01:48:07+08:00 ] 127.0.0.1 /test/secKill/secKill/index.php/Home//Manage/index
INFO: [ app_init ] --START--
INFO: Run Behavior\BuildLiteBehavior [ RunTime:0.000000s ]
INFO: [ app_init ] --END-- [ RunTime:0.001000s ]

[ 2015-08-23T01:50:18+08:00 ] 127.0.0.1 /test/secKill/secKill/index.php/Home//Manage/index
INFO: [ app_init ] --START--
INFO: Run Behavior\BuildLiteBehavior [ RunTime:0.000000s ]
INFO: [ app_init ] --END-- [ RunTime:0.001000s ]

[ 2015-08-23T01:50:43+08:00 ] 127.0.0.1 /test/secKill/secKill/index.php/Home//Manage/index
INFO: [ app_init ] --START--
INFO: Run Behavior\BuildLiteBehavior [ RunTime:0.001000s ]
INFO: [ app_init ] --END-- [ RunTime:0.001000s ]

[ 2015-08-23T01:52:53+08:00 ] 127.0.0.1 /test/secKill/secKill/index.php/Home//Manage/index
INFO: [ app_init ] --START--
INFO: Run Behavior\BuildLiteBehavior [ RunTime:0.000000s ]
INFO: [ app_init ] --END-- [ RunTime:0.004001s ]

[ 2015-08-23T19:01:21+08:00 ] 127.0.0.1 /test/secKill/secKill/
INFO: [ app_init ] --START--
INFO: Run Behavior\BuildLiteBehavior [ RunTime:0.000000s ]
INFO: [ app_init ] --END-- [ RunTime:0.001000s ]

[ 2015-08-23T19:01:21+08:00 ] 127.0.0.1 /test/secKill/secKill/index.php/Home/User/index
INFO: [ app_init ] --START--
INFO: Run Behavior\BuildLiteBehavior [ RunTime:0.000000s ]
INFO: [ app_init ] --END-- [ RunTime:0.001000s ]

[ 2015-08-23T19:01:23+08:00 ] 127.0.0.1 /test/secKill/secKill/index.php/Home/Manage/Login
INFO: [ app_init ] --START--
INFO: Run Behavior\BuildLiteBehavior [ RunTime:0.000000s ]
INFO: [ app_init ] --END-- [ RunTime:0.001001s ]

[ 2015-08-23T19:01:28+08:00 ] 127.0.0.1 /test/secKill/secKill/index.php/Home//manage/register
INFO: [ app_init ] --START--
INFO: Run Behavior\BuildLiteBehavior [ RunTime:0.000000s ]
INFO: [ app_init ] --END-- [ RunTime:0.001000s ]

[ 2015-08-23T19:01:33+08:00 ] 127.0.0.1 /test/secKill/secKill/index.php/Home//manage/doRegister
INFO: [ app_init ] --START--
INFO: Run Behavior\BuildLiteBehavior [ RunTime:0.000000s ]
INFO: [ app_init ] --END-- [ RunTime:0.001000s ]

[ 2015-08-23T19:01:33+08:00 ] 127.0.0.1 /test/secKill/secKill/index.php/Home//Manage/index
INFO: [ app_init ] --START--
INFO: Run Behavior\BuildLiteBehavior [ RunTime:0.000000s ]
INFO: [ app_init ] --END-- [ RunTime:0.001000s ]

[ 2015-08-23T19:02:03+08:00 ] 127.0.0.1 /test/secKill/secKill/index.php/Home//manage/doRegister
INFO: [ app_init ] --START--
INFO: Run Behavior\BuildLiteBehavior [ RunTime:0.000000s ]
INFO: [ app_init ] --END-- [ RunTime:0.001000s ]

[ 2015-08-23T19:02:22+08:00 ] 127.0.0.1 /test/secKill/secKill/index.php/Home//manage/doRegister
INFO: [ app_init ] --START--
INFO: Run Behavior\BuildLiteBehavior [ RunTime:0.000000s ]
INFO: [ app_init ] --END-- [ RunTime:0.001000s ]

[ 2015-08-23T19:02:22+08:00 ] 127.0.0.1 /test/secKill/secKill/index.php/Home//Manage/index
INFO: [ app_init ] --START--
INFO: Run Behavior\BuildLiteBehavior [ RunTime:0.000000s ]
INFO: [ app_init ] --END-- [ RunTime:0.001000s ]

[ 2015-08-23T19:02:28+08:00 ] 127.0.0.1 /test/secKill/secKill/index.php/Home//Manage/index
INFO: [ app_init ] --START--
INFO: Run Behavior\BuildLiteBehavior [ RunTime:0.000000s ]
INFO: [ app_init ] --END-- [ RunTime:0.001000s ]

[ 2015-08-23T19:03:35+08:00 ] 127.0.0.1 /test/secKill/secKill/index.php/Home//manage/register
INFO: [ app_init ] --START--
INFO: Run Behavior\BuildLiteBehavior [ RunTime:0.000000s ]
INFO: [ app_init ] --END-- [ RunTime:0.002000s ]

[ 2015-08-23T19:03:46+08:00 ] 127.0.0.1 /test/secKill/secKill/index.php/Home//manage/doRegister
INFO: [ app_init ] --START--
INFO: Run Behavior\BuildLiteBehavior [ RunTime:0.000000s ]
INFO: [ app_init ] --END-- [ RunTime:0.001000s ]

[ 2015-08-23T19:05:01+08:00 ] 127.0.0.1 /test/secKill/secKill/index.php/Home//manage/doRegister
INFO: [ app_init ] --START--
INFO: Run Behavior\BuildLiteBehavior [ RunTime:0.000000s ]
INFO: [ app_init ] --END-- [ RunTime:0.002000s ]

[ 2015-08-23T19:05:53+08:00 ] 127.0.0.1 /test/secKill/secKill/index.php/Home//manage/doRegister
INFO: [ app_init ] --START--
INFO: Run Behavior\BuildLiteBehavior [ RunTime:0.000000s ]
INFO: [ app_init ] --END-- [ RunTime:0.001000s ]

[ 2015-08-23T19:06:06+08:00 ] 127.0.0.1 /test/secKill/secKill/index.php/Home//manage/doRegister
INFO: [ app_init ] --START--
INFO: Run Behavior\BuildLiteBehavior [ RunTime:0.000000s ]
INFO: [ app_init ] --END-- [ RunTime:0.005000s ]

[ 2015-08-23T19:06:35+08:00 ] 127.0.0.1 /test/secKill/secKill/index.php/Home//manage/doRegister
INFO: [ app_init ] --START--
INFO: Run Behavior\BuildLiteBehavior [ RunTime:0.001000s ]
INFO: [ app_init ] --END-- [ RunTime:0.003000s ]

[ 2015-08-23T19:06:41+08:00 ] 127.0.0.1 /test/secKill/secKill/index.php/Home//manage/doRegister
INFO: [ app_init ] --START--
INFO: Run Behavior\BuildLiteBehavior [ RunTime:0.000000s ]
INFO: [ app_init ] --END-- [ RunTime:0.001000s ]

[ 2015-08-23T19:08:06+08:00 ] 127.0.0.1 /test/secKill/secKill/index.php/Home//manage/doRegister
INFO: [ app_init ] --START--
INFO: Run Behavior\BuildLiteBehavior [ RunTime:0.000000s ]
INFO: [ app_init ] --END-- [ RunTime:0.001000s ]

[ 2015-08-23T19:08:10+08:00 ] 127.0.0.1 /test/secKill/secKill/index.php/Home//manage/doRegister
INFO: [ app_init ] --START--
INFO: Run Behavior\BuildLiteBehavior [ RunTime:0.000000s ]
INFO: [ app_init ] --END-- [ RunTime:0.001000s ]

[ 2015-08-23T19:08:24+08:00 ] 127.0.0.1 /test/secKill/secKill/index.php/Home//manage/doRegister
INFO: [ app_init ] --START--
INFO: Run Behavior\BuildLiteBehavior [ RunTime:0.000000s ]
INFO: [ app_init ] --END-- [ RunTime:0.002000s ]

[ 2015-08-23T19:08:29+08:00 ] 127.0.0.1 /test/secKill/secKill/index.php/Home//manage/doRegister
INFO: [ app_init ] --START--
INFO: Run Behavior\BuildLiteBehavior [ RunTime:0.000000s ]
INFO: [ app_init ] --END-- [ RunTime:0.001000s ]

[ 2015-08-23T19:09:53+08:00 ] 127.0.0.1 /test/secKill/secKill/index.php/Home//manage/doRegister
INFO: [ app_init ] --START--
INFO: Run Behavior\BuildLiteBehavior [ RunTime:0.000000s ]
INFO: [ app_init ] --END-- [ RunTime:0.001000s ]

[ 2015-08-23T19:09:57+08:00 ] 127.0.0.1 /test/secKill/secKill/index.php/Home//manage/doRegister
INFO: [ app_init ] --START--
INFO: Run Behavior\BuildLiteBehavior [ RunTime:0.000000s ]
INFO: [ app_init ] --END-- [ RunTime:0.001000s ]

[ 2015-08-23T19:14:47+08:00 ] 127.0.0.1 /test/secKill/secKill/index.php/Home//manage/doRegister
INFO: [ app_init ] --START--
INFO: Run Behavior\BuildLiteBehavior [ RunTime:0.000000s ]
INFO: [ app_init ] --END-- [ RunTime:0.001001s ]

[ 2015-08-23T19:14:52+08:00 ] 127.0.0.1 /test/secKill/secKill/index.php/Home//manage/doRegister
INFO: [ app_init ] --START--
INFO: Run Behavior\BuildLiteBehavior [ RunTime:0.000000s ]
INFO: [ app_init ] --END-- [ RunTime:0.001000s ]
ERR: SQLSTATE[42S02]: Base table or view not found: 1146 Table 'seckill.login' doesn't exist

[ 2015-08-23T19:16:42+08:00 ] 127.0.0.1 /test/secKill/secKill/index.php/Home//manage/doRegister
INFO: [ app_init ] --START--
INFO: Run Behavior\BuildLiteBehavior [ RunTime:0.000000s ]
INFO: [ app_init ] --END-- [ RunTime:0.001000s ]

[ 2015-08-23T19:16:46+08:00 ] 127.0.0.1 /test/secKill/secKill/index.php/Home//manage/doRegister
INFO: [ app_init ] --START--
INFO: Run Behavior\BuildLiteBehavior [ RunTime:0.000000s ]
INFO: [ app_init ] --END-- [ RunTime:0.001000s ]

[ 2015-08-23T19:22:04+08:00 ] 127.0.0.1 /test/secKill/secKill/index.php/Home//manage/doRegister
INFO: [ app_init ] --START--
INFO: Run Behavior\BuildLiteBehavior [ RunTime:0.000000s ]
INFO: [ app_init ] --END-- [ RunTime:0.001000s ]

[ 2015-08-23T19:22:09+08:00 ] 127.0.0.1 /test/secKill/secKill/index.php/Home//manage/doRegister
INFO: [ app_init ] --START--
INFO: Run Behavior\BuildLiteBehavior [ RunTime:0.000000s ]
INFO: [ app_init ] --END-- [ RunTime:0.002000s ]

[ 2015-08-23T19:22:17+08:00 ] 127.0.0.1 /test/secKill/secKill/index.php/Home//manage/doRegister
INFO: [ app_init ] --START--
INFO: Run Behavior\BuildLiteBehavior [ RunTime:0.000000s ]
INFO: [ app_init ] --END-- [ RunTime:0.012001s ]

[ 2015-08-23T19:22:27+08:00 ] 127.0.0.1 /test/secKill/secKill/index.php/Home//manage/doRegister
INFO: [ app_init ] --START--
INFO: Run Behavior\BuildLiteBehavior [ RunTime:0.000000s ]
INFO: [ app_init ] --END-- [ RunTime:0.002000s ]

[ 2015-08-23T19:22:27+08:00 ] 127.0.0.1 /test/secKill/secKill/index.php/Home//Manage/index
INFO: [ app_init ] --START--
INFO: Run Behavior\BuildLiteBehavior [ RunTime:0.000000s ]
INFO: [ app_init ] --END-- [ RunTime:0.006001s ]

[ 2015-08-23T19:23:19+08:00 ] 127.0.0.1 /test/secKill/secKill/index.php/Home//manage/doRegister
INFO: [ app_init ] --START--
INFO: Run Behavior\BuildLiteBehavior [ RunTime:0.000000s ]
INFO: [ app_init ] --END-- [ RunTime:0.001000s ]

[ 2015-08-23T21:11:58+08:00 ] 127.0.0.1 /test/secKill/secKill/index.php/Home//manage/doRegister
INFO: [ app_init ] --START--
INFO: Run Behavior\BuildLiteBehavior [ RunTime:0.000000s ]
INFO: [ app_init ] --END-- [ RunTime:0.007000s ]

[ 2015-08-23T21:12:03+08:00 ] 127.0.0.1 /test/secKill/secKill/index.php/Home//manage/doRegister
INFO: [ app_init ] --START--
INFO: Run Behavior\BuildLiteBehavior [ RunTime:0.000000s ]
INFO: [ app_init ] --END-- [ RunTime:0.001000s ]

[ 2015-08-23T21:12:03+08:00 ] 127.0.0.1 /test/secKill/secKill/index.php/Home//Manage/index
INFO: [ app_init ] --START--
INFO: Run Behavior\BuildLiteBehavior [ RunTime:0.000000s ]
INFO: [ app_init ] --END-- [ RunTime:0.001000s ]

[ 2015-08-23T21:12:27+08:00 ] 127.0.0.1 /test/secKill/secKill/index.php/Home//Manage/index
INFO: [ app_init ] --START--
INFO: Run Behavior\BuildLiteBehavior [ RunTime:0.000000s ]
INFO: [ app_init ] --END-- [ RunTime:0.002001s ]

[ 2015-08-23T21:12:35+08:00 ] 127.0.0.1 /test/secKill/secKill/index.php/Home//Manage/outlogin
INFO: [ app_init ] --START--
INFO: Run Behavior\BuildLiteBehavior [ RunTime:0.000000s ]
INFO: [ app_init ] --END-- [ RunTime:0.001000s ]

[ 2015-08-23T21:12:35+08:00 ] 127.0.0.1 /test/secKill/secKill/index.php/Home//Manage/index
INFO: [ app_init ] --START--
INFO: Run Behavior\BuildLiteBehavior [ RunTime:0.000000s ]
INFO: [ app_init ] --END-- [ RunTime:0.001000s ]

[ 2015-08-23T21:13:05+08:00 ] 127.0.0.1 /test/secKill/secKill/index.php/Home//Manage/index
INFO: [ app_init ] --START--
INFO: Run Behavior\BuildLiteBehavior [ RunTime:0.000000s ]
INFO: [ app_init ] --END-- [ RunTime:0.001000s ]

[ 2015-08-23T21:13:12+08:00 ] 127.0.0.1 /test/secKill/secKill/index.php/Home//Manage/doLogin
INFO: [ app_init ] --START--
INFO: Run Behavior\BuildLiteBehavior [ RunTime:0.000000s ]
INFO: [ app_init ] --END-- [ RunTime:0.001001s ]

[ 2015-08-23T21:13:12+08:00 ] 127.0.0.1 /test/secKill/secKill/index.php/Home/Manage/index
INFO: [ app_init ] --START--
INFO: Run Behavior\BuildLiteBehavior [ RunTime:0.000000s ]
INFO: [ app_init ] --END-- [ RunTime:0.001000s ]

[ 2015-08-23T21:13:22+08:00 ] 127.0.0.1 /test/secKill/secKill/index.php/Home/Manage/doLogin
INFO: [ app_init ] --START--
INFO: Run Behavior\BuildLiteBehavior [ RunTime:0.000000s ]
INFO: [ app_init ] --END-- [ RunTime:0.001000s ]

[ 2015-08-23T21:13:22+08:00 ] 127.0.0.1 /test/secKill/secKill/index.php/Home/Manage/index
INFO: [ app_init ] --START--
INFO: Run Behavior\BuildLiteBehavior [ RunTime:0.000000s ]
INFO: [ app_init ] --END-- [ RunTime:0.001001s ]

[ 2015-08-23T21:14:13+08:00 ] 127.0.0.1 /test/secKill/secKill/index.php/Home/Manage/doLogin
INFO: [ app_init ] --START--
INFO: Run Behavior\BuildLiteBehavior [ RunTime:0.000000s ]
INFO: [ app_init ] --END-- [ RunTime:0.002000s ]

[ 2015-08-23T21:14:13+08:00 ] 127.0.0.1 /test/secKill/secKill/index.php/Home/Manage/index
INFO: [ app_init ] --START--
INFO: Run Behavior\BuildLiteBehavior [ RunTime:0.000000s ]
INFO: [ app_init ] --END-- [ RunTime:0.001000s ]

[ 2015-08-23T21:15:01+08:00 ] 127.0.0.1 /test/secKill/secKill/index.php/Home/manage/register
INFO: [ app_init ] --START--
INFO: Run Behavior\BuildLiteBehavior [ RunTime:0.000000s ]
INFO: [ app_init ] --END-- [ RunTime:0.002000s ]

[ 2015-08-23T21:15:10+08:00 ] 127.0.0.1 /test/secKill/secKill/index.php/Home/manage/doRegister
INFO: [ app_init ] --START--
INFO: Run Behavior\BuildLiteBehavior [ RunTime:0.000000s ]
INFO: [ app_init ] --END-- [ RunTime:0.001000s ]

[ 2015-08-23T21:15:59+08:00 ] 127.0.0.1 /test/secKill/secKill/index.php/Home/Manage/login
INFO: [ app_init ] --START--
INFO: Run Behavior\BuildLiteBehavior [ RunTime:0.000000s ]
INFO: [ app_init ] --END-- [ RunTime:0.001001s ]

[ 2015-08-23T21:16:05+08:00 ] 127.0.0.1 /test/secKill/secKill/index.php/Home/Manage/doLogin
INFO: [ app_init ] --START--
INFO: Run Behavior\BuildLiteBehavior [ RunTime:0.000000s ]
INFO: [ app_init ] --END-- [ RunTime:0.001000s ]

[ 2015-08-23T21:16:05+08:00 ] 127.0.0.1 /test/secKill/secKill/index.php/Home/Manage/index
INFO: [ app_init ] --START--
INFO: Run Behavior\BuildLiteBehavior [ RunTime:0.000000s ]
INFO: [ app_init ] --END-- [ RunTime:0.001000s ]

[ 2015-08-23T21:16:26+08:00 ] 127.0.0.1 /test/secKill/secKill/index.php/Home/Manage/doLogin
INFO: [ app_init ] --START--
INFO: Run Behavior\BuildLiteBehavior [ RunTime:0.000000s ]
INFO: [ app_init ] --END-- [ RunTime:0.000000s ]

[ 2015-08-23T21:16:32+08:00 ] 127.0.0.1 /test/secKill/secKill/index.php/Home/Manage/doLogin
INFO: [ app_init ] --START--
INFO: Run Behavior\BuildLiteBehavior [ RunTime:0.000000s ]
INFO: [ app_init ] --END-- [ RunTime:0.003000s ]

[ 2015-08-23T21:16:48+08:00 ] 127.0.0.1 /test/secKill/secKill/index.php/Home/Manage/doLogin
INFO: [ app_init ] --START--
INFO: Run Behavior\BuildLiteBehavior [ RunTime:0.000000s ]
INFO: [ app_init ] --END-- [ RunTime:0.002000s ]

[ 2015-08-23T21:16:48+08:00 ] 127.0.0.1 /test/secKill/secKill/index.php/Home/Manage/index
INFO: [ app_init ] --START--
INFO: Run Behavior\BuildLiteBehavior [ RunTime:0.000000s ]
INFO: [ app_init ] --END-- [ RunTime:0.003000s ]

[ 2015-08-23T21:16:59+08:00 ] 127.0.0.1 /test/secKill/secKill/index.php/Home/Manage/doLogin
INFO: [ app_init ] --START--
INFO: Run Behavior\BuildLiteBehavior [ RunTime:0.000000s ]
INFO: [ app_init ] --END-- [ RunTime:0.003000s ]

[ 2015-08-23T21:16:59+08:00 ] 127.0.0.1 /test/secKill/secKill/index.php/Home/Manage/index
INFO: [ app_init ] --START--
INFO: Run Behavior\BuildLiteBehavior [ RunTime:0.000000s ]
INFO: [ app_init ] --END-- [ RunTime:0.002000s ]

[ 2015-08-23T21:17:14+08:00 ] 127.0.0.1 /test/secKill/secKill/index.php/Home/Manage/doLogin
INFO: [ app_init ] --START--
INFO: Run Behavior\BuildLiteBehavior [ RunTime:0.000000s ]
INFO: [ app_init ] --END-- [ RunTime:0.001000s ]

[ 2015-08-23T21:18:51+08:00 ] 127.0.0.1 /test/secKill/secKill/index.php/Home/Manage/doLogin
INFO: [ app_init ] --START--
INFO: Run Behavior\BuildLiteBehavior [ RunTime:0.000000s ]
INFO: [ app_init ] --END-- [ RunTime:0.001000s ]

[ 2015-08-23T21:18:56+08:00 ] 127.0.0.1 /test/secKill/secKill/index.php/Home/Manage/doLogin
INFO: [ app_init ] --START--
INFO: Run Behavior\BuildLiteBehavior [ RunTime:0.001000s ]
INFO: [ app_init ] --END-- [ RunTime:0.003000s ]

[ 2015-08-23T21:19:03+08:00 ] 127.0.0.1 /test/secKill/secKill/index.php/Home/Manage/doLogin
INFO: [ app_init ] --START--
INFO: Run Behavior\BuildLiteBehavior [ RunTime:0.000000s ]
INFO: [ app_init ] --END-- [ RunTime:0.001000s ]

[ 2015-08-23T21:19:24+08:00 ] 127.0.0.1 /test/secKill/secKill/index.php/Home/Manage/doLogin
INFO: [ app_init ] --START--
INFO: Run Behavior\BuildLiteBehavior [ RunTime:0.000000s ]
INFO: [ app_init ] --END-- [ RunTime:0.001000s ]

[ 2015-08-23T21:19:27+08:00 ] 127.0.0.1 /test/secKill/secKill/index.php/Home/Manage/doLogin
INFO: [ app_init ] --START--
INFO: Run Behavior\BuildLiteBehavior [ RunTime:0.000000s ]
INFO: [ app_init ] --END-- [ RunTime:0.008001s ]

[ 2015-08-23T21:19:33+08:00 ] 127.0.0.1 /test/secKill/secKill/index.php/Home/Manage/doLogin
INFO: [ app_init ] --START--
INFO: Run Behavior\BuildLiteBehavior [ RunTime:0.000000s ]
INFO: [ app_init ] --END-- [ RunTime:0.002001s ]

[ 2015-08-23T21:19:34+08:00 ] 127.0.0.1 /test/secKill/secKill/index.php/Home/Manage/index
INFO: [ app_init ] --START--
INFO: Run Behavior\BuildLiteBehavior [ RunTime:0.001000s ]
INFO: [ app_init ] --END-- [ RunTime:0.002000s ]

[ 2015-08-23T21:19:37+08:00 ] 127.0.0.1 /test/secKill/secKill/index.php/Home/Manage/outlogin
INFO: [ app_init ] --START--
INFO: Run Behavior\BuildLiteBehavior [ RunTime:0.000000s ]
INFO: [ app_init ] --END-- [ RunTime:0.001000s ]

[ 2015-08-23T21:19:37+08:00 ] 127.0.0.1 /test/secKill/secKill/index.php/Home/Manage/index
INFO: [ app_init ] --START--
INFO: Run Behavior\BuildLiteBehavior [ RunTime:0.000000s ]
INFO: [ app_init ] --END-- [ RunTime:0.009001s ]

[ 2015-08-23T21:19:42+08:00 ] 127.0.0.1 /test/secKill/secKill/index.php/Home/Manage/doLogin
INFO: [ app_init ] --START--
INFO: Run Behavior\BuildLiteBehavior [ RunTime:0.000000s ]
INFO: [ app_init ] --END-- [ RunTime:0.001000s ]

[ 2015-08-23T21:19:43+08:00 ] 127.0.0.1 /test/secKill/secKill/index.php/Home/Manage/index
INFO: [ app_init ] --START--
INFO: Run Behavior\BuildLiteBehavior [ RunTime:0.000000s ]
INFO: [ app_init ] --END-- [ RunTime:0.001000s ]

